#
# There is insufficient memory for the Java Runtime Environment to continue.
# Native memory allocation (mmap) failed to map 50331648 bytes for committing reserved memory.
# Possible reasons:
#   The system is out of physical RAM or swap space
#   The process is running with CompressedOops enabled, and the Java Heap may be blocking the growth of the native heap
# Possible solutions:
#   Reduce memory load on the system
#   Increase physical memory or swap space
#   Check if swap backing store is full
#   Decrease Java heap size (-Xmx/-Xms)
#   Decrease number of Java threads
#   Decrease Java thread stack sizes (-Xss)
#   Set larger code cache with -XX:ReservedCodeCacheSize=
#   JVM is running with Zero Based Compressed Oops mode in which the Java heap is
#     placed in the first 32GB address space. The Java Heap base address is the
#     maximum limit for the native heap growth. Please use -XX:HeapBaseMinAddress
#     to set the Java Heap base and to place the Java Heap above 32GB virtual address.
# This output file may be truncated or incomplete.
#
#  Out of Memory Error (os_linux.cpp:2749), pid=32541, tid=0x00007f5369e3d700
#
# JRE version: Java(TM) SE Runtime Environment (8.0_221-b11) (build 1.8.0_221-b11)
# Java VM: Java HotSpot(TM) 64-Bit Server VM (25.221-b11 mixed mode linux-amd64 compressed oops)
# Failed to write core dump. Core dumps have been disabled. To enable core dumping, try "ulimit -c unlimited" before starting Java again
#

---------------  T H R E A D  ---------------

Current thread (0x00007f538407a000):  VMThread [stack: 0x00007f5369d3e000,0x00007f5369e3e000] [id=32562]

Stack: [0x00007f5369d3e000,0x00007f5369e3e000],  sp=0x00007f5369e3c3f0,  free space=1016k
Native frames: (J=compiled Java code, j=interpreted, Vv=VM code, C=native code)
V  [libjvm.so+0xad3455]  VMError::report_and_die()+0x2e5
V  [libjvm.so+0x4e0537]  report_vm_out_of_memory(char const*, int, unsigned long, VMErrorType, char const*)+0x67
V  [libjvm.so+0x910320]  os::pd_commit_memory(char*, unsigned long, unsigned long, bool)+0x100
V  [libjvm.so+0x90794f]  os::commit_memory(char*, unsigned long, unsigned long, bool)+0x1f
V  [libjvm.so+0x98c736]  PSVirtualSpace::expand_by(unsigned long)+0x56
V  [libjvm.so+0x98d9c8]  PSYoungGen::resize(unsigned long, unsigned long)+0xd8
V  [libjvm.so+0x98a166]  PSScavenge::invoke_no_policy()+0x1376
V  [libjvm.so+0x98a4fc]  PSScavenge::invoke()+0x4c
V  [libjvm.so+0x93a248]  ParallelScavengeHeap::failed_mem_allocate(unsigned long)+0x68
V  [libjvm.so+0xad4fa3]  VM_ParallelGCFailedAllocation::doit()+0x93
V  [libjvm.so+0xada1c6]  VM_Operation::evaluate()+0x46
V  [libjvm.so+0xad84fd]  VMThread::evaluate_operation(VM_Operation*) [clone .constprop.44]+0xcd
V  [libjvm.so+0xad8ae3]  VMThread::loop()+0x3a3
V  [libjvm.so+0xad8eb8]  VMThread::run()+0x78
V  [libjvm.so+0x90d952]  java_start(Thread*)+0x102

VM_Operation (0x00007f538b2b70a0): ParallelGCFailedAllocation, mode: safepoint, requested by thread 0x00007f538400c000


---------------  P R O C E S S  ---------------

Java Threads: ( => current thread )
  0x00007f53840c2000 JavaThread "Service Thread" daemon [_thread_blocked, id=32573, stack(0x00007f5369300000,0x00007f5369401000)]
  0x00007f53840bf000 JavaThread "C1 CompilerThread2" daemon [_thread_blocked, id=32572, stack(0x00007f5369402000,0x00007f5369502000)]
  0x00007f53840bd800 JavaThread "C2 CompilerThread1" daemon [_thread_blocked, id=32571, stack(0x00007f5369503000,0x00007f5369603000)]
  0x00007f53840ba800 JavaThread "C2 CompilerThread0" daemon [_thread_blocked, id=32570, stack(0x00007f5369604000,0x00007f5369704000)]
  0x00007f53840b9000 JavaThread "Signal Dispatcher" daemon [_thread_blocked, id=32569, stack(0x00007f5369704000,0x00007f5369805000)]
  0x00007f5384088000 JavaThread "Finalizer" daemon [_thread_blocked, id=32565, stack(0x00007f5369b3b000,0x00007f5369c3c000)]
  0x00007f5384083800 JavaThread "Reference Handler" daemon [_thread_blocked, id=32563, stack(0x00007f5369c3c000,0x00007f5369d3d000)]
  0x00007f538400c000 JavaThread "main" [_thread_blocked, id=32557, stack(0x00007f538b1bb000,0x00007f538b2bb000)]

Other Threads:
=>0x00007f538407a000 VMThread [stack: 0x00007f5369d3e000,0x00007f5369e3e000] [id=32562]
  0x00007f53840c4800 WatcherThread [stack: 0x00007f5369200000,0x00007f5369300000] [id=32574]

VM state:at safepoint (normal execution)

VM Mutex/Monitor currently owned by a thread:  ([mutex/lock_event])
[0x00007f5384008520] Threads_lock - owner thread: 0x00007f538407a000
[0x00007f5384008a20] Heap_lock - owner thread: 0x00007f538400c000

heap address: 0x00000006c5c00000, size: 4004 MB, Compressed Oops mode: Zero based, Oop shift amount: 3
Narrow klass base: 0x0000000000000000, Narrow klass shift: 3
Compressed class space size: 1073741824 Address: 0x00000007c0000000

Heap:
 PSYoungGen      total 429056K, used 45491K [0x000000076c980000, 0x000000078c100000, 0x00000007c0000000)
  eden space 342528K, 0% used [0x000000076c980000,0x000000076c980000,0x0000000781800000)
  from space 86528K, 52% used [0x0000000781800000,0x000000078446cdd0,0x0000000786c80000)
  to   space 79360K, 0% used [0x0000000787380000,0x0000000787380000,0x000000078c100000)
 ParOldGen       total 253440K, used 159331K [0x00000006c5c00000, 0x00000006d5380000, 0x000000076c980000)
  object space 253440K, 62% used [0x00000006c5c00000,0x00000006cf798f50,0x00000006d5380000)
 Metaspace       used 28340K, capacity 29146K, committed 29440K, reserved 1075200K
  class space    used 3224K, capacity 3464K, committed 3584K, reserved 1048576K

Card table byte_map: [0x00007f537446d000,0x00007f5374c40000] byte_map_base: 0x00007f5370e3f000

Marking Bits: (ParMarkBitMap*) 0x00007f538a667d80
 Begin Bits: [0x00007f536c014000, 0x00007f536fea4000)
 End Bits:   [0x00007f536fea4000, 0x00007f5373d34000)

Polling page: 0x00007f538b2d5000

CodeCache: size=245760Kb used=19880Kb max_used=20977Kb free=225879Kb
 bounds [0x00007f5375000000, 0x00007f5376500000, 0x00007f5384000000]
 total_blobs=5744 nmethods=5335 adapters=322
 compilation: enabled

Compilation events (10 events):
Event: 79,595 Thread 0x00007f53840bd800 6796       4       lombok.core.TypeResolver::typeRefToFullyQualifiedName (430 bytes)
Event: 79,605 Thread 0x00007f53840ba800 6797       4       lombok.core.TypeLibrary::toQualified (112 bytes)
Event: 79,692 Thread 0x00007f53840bf000 6798       3       lombok.javac.JavacASTAdapter::visitInitializer (1 bytes)
Event: 79,692 Thread 0x00007f53840bf000 nmethod 6798 0x00007f537515ab50 code [0x00007f537515aca0, 0x00007f537515adf0]
Event: 79,693 Thread 0x00007f53840bf000 6799       3       lombok.javac.JavacASTAdapter::endVisitInitializer (1 bytes)
Event: 79,693 Thread 0x00007f53840bf000 nmethod 6799 0x00007f53751883d0 code [0x00007f5375188520, 0x00007f5375188670]
Event: 79,702 Thread 0x00007f53840ba800 nmethod 6797 0x00007f53753a3450 code [0x00007f53753a3680, 0x00007f53753a47f8]
Event: 79,741 Thread 0x00007f53840bd800 nmethod 6796 0x00007f5375f70a10 code [0x00007f5375f70ce0, 0x00007f5375f727c0]
Event: 79,772 Thread 0x00007f53840ba800 6800       4       java.util.IdentityHashMap$EntryIterator$Entry::getKey (20 bytes)
Event: 79,773 Thread 0x00007f53840ba800 nmethod 6800 0x00007f537542b0d0 code [0x00007f537542b220, 0x00007f537542b318]

GC Heap History (10 events):
Event: 59,698 GC heap after
Heap after GC invocations=16 (full 2):
 PSYoungGen      total 323072K, used 30946K [0x000000076c980000, 0x0000000785280000, 0x00000007c0000000)
  eden space 245248K, 0% used [0x000000076c980000,0x000000076c980000,0x000000077b900000)
  from space 77824K, 39% used [0x0000000780080000,0x0000000781eb8920,0x0000000784c80000)
  to   space 73216K, 0% used [0x000000077b900000,0x000000077b900000,0x0000000780080000)
 ParOldGen       total 253440K, used 158627K [0x00000006c5c00000, 0x00000006d5380000, 0x000000076c980000)
  object space 253440K, 62% used [0x00000006c5c00000,0x00000006cf6e8f50,0x00000006d5380000)
 Metaspace       used 27959K, capacity 28768K, committed 29056K, reserved 1075200K
  class space    used 3185K, capacity 3417K, committed 3456K, reserved 1048576K
}
Event: 66,779 GC heap before
{Heap before GC invocations=17 (full 2):
 PSYoungGen      total 323072K, used 276194K [0x000000076c980000, 0x0000000785280000, 0x00000007c0000000)
  eden space 245248K, 100% used [0x000000076c980000,0x000000077b900000,0x000000077b900000)
  from space 77824K, 39% used [0x0000000780080000,0x0000000781eb8920,0x0000000784c80000)
  to   space 73216K, 0% used [0x000000077b900000,0x000000077b900000,0x0000000780080000)
 ParOldGen       total 253440K, used 158627K [0x00000006c5c00000, 0x00000006d5380000, 0x000000076c980000)
  object space 253440K, 62% used [0x00000006c5c00000,0x00000006cf6e8f50,0x00000006d5380000)
 Metaspace       used 27960K, capacity 28768K, committed 29056K, reserved 1075200K
  class space    used 3186K, capacity 3417K, committed 3456K, reserved 1048576K
Event: 66,792 GC heap after
Heap after GC invocations=17 (full 2):
 PSYoungGen      total 318464K, used 7232K [0x000000076c980000, 0x0000000788300000, 0x00000007c0000000)
  eden space 245248K, 0% used [0x000000076c980000,0x000000076c980000,0x000000077b900000)
  from space 73216K, 9% used [0x000000077b900000,0x000000077c0101c0,0x0000000780080000)
  to   space 73216K, 0% used [0x0000000783b80000,0x0000000783b80000,0x0000000788300000)
 ParOldGen       total 253440K, used 159315K [0x00000006c5c00000, 0x00000006d5380000, 0x000000076c980000)
  object space 253440K, 62% used [0x00000006c5c00000,0x00000006cf794f50,0x00000006d5380000)
 Metaspace       used 27960K, capacity 28768K, committed 29056K, reserved 1075200K
  class space    used 3186K, capacity 3417K, committed 3456K, reserved 1048576K
}
Event: 69,416 GC heap before
{Heap before GC invocations=18 (full 2):
 PSYoungGen      total 318464K, used 252480K [0x000000076c980000, 0x0000000788300000, 0x00000007c0000000)
  eden space 245248K, 100% used [0x000000076c980000,0x000000077b900000,0x000000077b900000)
  from space 73216K, 9% used [0x000000077b900000,0x000000077c0101c0,0x0000000780080000)
  to   space 73216K, 0% used [0x0000000783b80000,0x0000000783b80000,0x0000000788300000)
 ParOldGen       total 253440K, used 159315K [0x00000006c5c00000, 0x00000006d5380000, 0x000000076c980000)
  object space 253440K, 62% used [0x00000006c5c00000,0x00000006cf794f50,0x00000006d5380000)
 Metaspace       used 27960K, capacity 28768K, committed 29056K, reserved 1075200K
  class space    used 3186K, capacity 3417K, committed 3456K, reserved 1048576K
Event: 69,766 GC heap after
Heap after GC invocations=18 (full 2):
 PSYoungGen      total 368128K, used 69365K [0x000000076c980000, 0x0000000789e00000, 0x00000007c0000000)
  eden space 294912K, 0% used [0x000000076c980000,0x000000076c980000,0x000000077e980000)
  from space 73216K, 94% used [0x0000000783b80000,0x0000000787f3d570,0x0000000788300000)
  to   space 83968K, 0% used [0x000000077e980000,0x000000077e980000,0x0000000783b80000)
 ParOldGen       total 253440K, used 159315K [0x00000006c5c00000, 0x00000006d5380000, 0x000000076c980000)
  object space 253440K, 62% used [0x00000006c5c00000,0x00000006cf794f50,0x00000006d5380000)
 Metaspace       used 27960K, capacity 28768K, committed 29056K, reserved 1075200K
  class space    used 3186K, capacity 3417K, committed 3456K, reserved 1048576K
}
Event: 73,503 GC heap before
{Heap before GC invocations=19 (full 2):
 PSYoungGen      total 368128K, used 364277K [0x000000076c980000, 0x0000000789e00000, 0x00000007c0000000)
  eden space 294912K, 100% used [0x000000076c980000,0x000000077e980000,0x000000077e980000)
  from space 73216K, 94% used [0x0000000783b80000,0x0000000787f3d570,0x0000000788300000)
  to   space 83968K, 0% used [0x000000077e980000,0x000000077e980000,0x0000000783b80000)
 ParOldGen       total 253440K, used 159315K [0x00000006c5c00000, 0x00000006d5380000, 0x000000076c980000)
  object space 253440K, 62% used [0x00000006c5c00000,0x00000006cf794f50,0x00000006d5380000)
 Metaspace       used 27961K, capacity 28768K, committed 29056K, reserved 1075200K
  class space    used 3186K, capacity 3417K, committed 3456K, reserved 1048576K
Event: 73,778 GC heap after
Heap after GC invocations=19 (full 2):
 PSYoungGen      total 378880K, used 59028K [0x000000076c980000, 0x000000078ca00000, 0x00000007c0000000)
  eden space 294912K, 0% used [0x000000076c980000,0x000000076c980000,0x000000077e980000)
  from space 83968K, 70% used [0x000000077e980000,0x0000000782325230,0x0000000783b80000)
  to   space 88576K, 0% used [0x0000000787380000,0x0000000787380000,0x000000078ca00000)
 ParOldGen       total 253440K, used 159315K [0x00000006c5c00000, 0x00000006d5380000, 0x000000076c980000)
  object space 253440K, 62% used [0x00000006c5c00000,0x00000006cf794f50,0x00000006d5380000)
 Metaspace       used 27961K, capacity 28768K, committed 29056K, reserved 1075200K
  class space    used 3186K, capacity 3417K, committed 3456K, reserved 1048576K
}
Event: 77,792 GC heap before
{Heap before GC invocations=20 (full 2):
 PSYoungGen      total 378880K, used 353940K [0x000000076c980000, 0x000000078ca00000, 0x00000007c0000000)
  eden space 294912K, 100% used [0x000000076c980000,0x000000077e980000,0x000000077e980000)
  from space 83968K, 70% used [0x000000077e980000,0x0000000782325230,0x0000000783b80000)
  to   space 88576K, 0% used [0x0000000787380000,0x0000000787380000,0x000000078ca00000)
 ParOldGen       total 253440K, used 159315K [0x00000006c5c00000, 0x00000006d5380000, 0x000000076c980000)
  object space 253440K, 62% used [0x00000006c5c00000,0x00000006cf794f50,0x00000006d5380000)
 Metaspace       used 28340K, capacity 29146K, committed 29440K, reserved 1075200K
  class space    used 3224K, capacity 3464K, committed 3584K, reserved 1048576K
Event: 77,909 GC heap after
Heap after GC invocations=20 (full 2):
 PSYoungGen      total 421888K, used 44298K [0x000000076c980000, 0x000000078c100000, 0x00000007c0000000)
  eden space 342528K, 0% used [0x000000076c980000,0x000000076c980000,0x0000000781800000)
  from space 79360K, 55% used [0x0000000787380000,0x0000000789ec2a10,0x000000078c100000)
  to   space 86528K, 0% used [0x0000000781800000,0x0000000781800000,0x0000000786c80000)
 ParOldGen       total 253440K, used 159323K [0x00000006c5c00000, 0x00000006d5380000, 0x000000076c980000)
  object space 253440K, 62% used [0x00000006c5c00000,0x00000006cf796f50,0x00000006d5380000)
 Metaspace       used 28340K, capacity 29146K, committed 29440K, reserved 1075200K
  class space    used 3224K, capacity 3464K, committed 3584K, reserved 1048576K
}
Event: 81,530 GC heap before
{Heap before GC invocations=21 (full 2):
 PSYoungGen      total 421888K, used 386826K [0x000000076c980000, 0x000000078c100000, 0x00000007c0000000)
  eden space 342528K, 100% used [0x000000076c980000,0x0000000781800000,0x0000000781800000)
  from space 79360K, 55% used [0x0000000787380000,0x0000000789ec2a10,0x000000078c100000)
  to   space 86528K, 0% used [0x0000000781800000,0x0000000781800000,0x0000000786c80000)
 ParOldGen       total 253440K, used 159323K [0x00000006c5c00000, 0x00000006d5380000, 0x000000076c980000)
  object space 253440K, 62% used [0x00000006c5c00000,0x00000006cf796f50,0x00000006d5380000)
 Metaspace       used 28340K, capacity 29146K, committed 29440K, reserved 1075200K
  class space    used 3224K, capacity 3464K, committed 3584K, reserved 1048576K

Deoptimization events (10 events):
Event: 75,386 Thread 0x00007f538400c000 Uncommon trap: reason=bimorphic action=maybe_recompile pc=0x00007f537614762c method=com.sun.tools.javac.tree.Pretty.printExpr(Lcom/sun/tools/javac/tree/JCTree;I)V @ 25
Event: 75,408 Thread 0x00007f538400c000 Uncommon trap: reason=bimorphic action=maybe_recompile pc=0x00007f537614762c method=com.sun.tools.javac.tree.Pretty.printExpr(Lcom/sun/tools/javac/tree/JCTree;I)V @ 25
Event: 75,412 Thread 0x00007f538400c000 Uncommon trap: reason=class_check action=maybe_recompile pc=0x00007f5375b84d48 method=com.sun.tools.javac.tree.JCTree$JCVariableDecl.accept(Lcom/sun/tools/javac/tree/JCTree$Visitor;)V @ 2
Event: 75,414 Thread 0x00007f538400c000 Uncommon trap: reason=class_check action=maybe_recompile pc=0x00007f5375b84d48 method=com.sun.tools.javac.tree.JCTree$JCVariableDecl.accept(Lcom/sun/tools/javac/tree/JCTree$Visitor;)V @ 2
Event: 75,415 Thread 0x00007f538400c000 Uncommon trap: reason=bimorphic action=maybe_recompile pc=0x00007f537607c604 method=java.util.regex.Pattern$Branch.match(Ljava/util/regex/Matcher;ILjava/lang/CharSequence;)Z @ 50
Event: 75,443 Thread 0x00007f538400c000 Uncommon trap: reason=bimorphic action=maybe_recompile pc=0x00007f537607c604 method=java.util.regex.Pattern$Branch.match(Ljava/util/regex/Matcher;ILjava/lang/CharSequence;)Z @ 50
Event: 75,444 Thread 0x00007f538400c000 Uncommon trap: reason=bimorphic action=maybe_recompile pc=0x00007f537607c604 method=java.util.regex.Pattern$Branch.match(Ljava/util/regex/Matcher;ILjava/lang/CharSequence;)Z @ 50
Event: 75,445 Thread 0x00007f538400c000 Uncommon trap: reason=bimorphic action=maybe_recompile pc=0x00007f537607c604 method=java.util.regex.Pattern$Branch.match(Ljava/util/regex/Matcher;ILjava/lang/CharSequence;)Z @ 50
Event: 75,556 Thread 0x00007f538400c000 Uncommon trap: reason=class_check action=maybe_recompile pc=0x00007f5375b84d48 method=com.sun.tools.javac.tree.JCTree$JCVariableDecl.accept(Lcom/sun/tools/javac/tree/JCTree$Visitor;)V @ 2
Event: 75,556 Thread 0x00007f538400c000 Uncommon trap: reason=class_check action=maybe_recompile pc=0x00007f5375b84d48 method=com.sun.tools.javac.tree.JCTree$JCVariableDecl.accept(Lcom/sun/tools/javac/tree/JCTree$Visitor;)V @ 2

Classes redefined (0 events):
No events

Internal exceptions (10 events):
Event: 49,228 Thread 0x00007f538400c000 Exception <a 'java/io/FileNotFoundException'> (0x000000076d702af0) thrown at [/HUDSON/workspace/8-2-build-linux-amd64/jdk8u221/13320/hotspot/src/share/vm/prims/jni.cpp, line 710]
Event: 49,228 Thread 0x00007f538400c000 Exception <a 'java/io/FileNotFoundException'> (0x000000076d706dd0) thrown at [/HUDSON/workspace/8-2-build-linux-amd64/jdk8u221/13320/hotspot/src/share/vm/prims/jni.cpp, line 710]
Event: 49,229 Thread 0x00007f538400c000 Exception <a 'java/io/FileNotFoundException'> (0x000000076d7123e0) thrown at [/HUDSON/workspace/8-2-build-linux-amd64/jdk8u221/13320/hotspot/src/share/vm/prims/jni.cpp, line 710]
Event: 49,230 Thread 0x00007f538400c000 Exception <a 'java/io/FileNotFoundException'> (0x000000076d71dc88) thrown at [/HUDSON/workspace/8-2-build-linux-amd64/jdk8u221/13320/hotspot/src/share/vm/prims/jni.cpp, line 710]
Event: 49,230 Thread 0x00007f538400c000 Exception <a 'java/io/FileNotFoundException'> (0x000000076d7261a8) thrown at [/HUDSON/workspace/8-2-build-linux-amd64/jdk8u221/13320/hotspot/src/share/vm/prims/jni.cpp, line 710]
Event: 49,231 Thread 0x00007f538400c000 Exception <a 'java/io/FileNotFoundException'> (0x000000076d733970) thrown at [/HUDSON/workspace/8-2-build-linux-amd64/jdk8u221/13320/hotspot/src/share/vm/prims/jni.cpp, line 710]
Event: 50,090 Thread 0x00007f538400c000 Implicit null exception at 0x00007f5376460fa4 to 0x00007f5376461351
Event: 75,384 Thread 0x00007f538400c000 Implicit null exception at 0x00007f53751810d0 to 0x00007f5375181b71
Event: 75,384 Thread 0x00007f538400c000 Implicit null exception at 0x00007f5375e2fd92 to 0x00007f5375e30259
Event: 75,384 Thread 0x00007f538400c000 Implicit null exception at 0x00007f5375fec410 to 0x00007f5375fec441

Events (10 events):
Event: 79,773 Thread 0x00007f53840ba800 flushing nmethod 0x00007f537639b110
Event: 79,773 Thread 0x00007f53840ba800 flushing nmethod 0x00007f537639d450
Event: 79,773 Thread 0x00007f53840ba800 flushing nmethod 0x00007f53763dc7d0
Event: 79,773 Thread 0x00007f53840ba800 flushing nmethod 0x00007f53763e0610
Event: 79,773 Thread 0x00007f53840ba800 flushing nmethod 0x00007f5376400690
Event: 79,773 Thread 0x00007f53840ba800 flushing nmethod 0x00007f5376460d90
Event: 79,773 Thread 0x00007f53840ba800 flushing nmethod 0x00007f5376479d50
Event: 79,773 Thread 0x00007f53840ba800 flushing nmethod 0x00007f537647d450
Event: 79,773 Thread 0x00007f53840ba800 flushing nmethod 0x00007f537647e650
Event: 81,529 Executing VM operation: ParallelGCFailedAllocation


Dynamic libraries:
00400000-00401000 r-xp 00000000 08:01 4719863                            /opt/java/jdk1.8.0_221/bin/java
00600000-00601000 r--p 00000000 08:01 4719863                            /opt/java/jdk1.8.0_221/bin/java
00601000-00602000 rw-p 00001000 08:01 4719863                            /opt/java/jdk1.8.0_221/bin/java
0211b000-0213c000 rw-p 00000000 00:00 0                                  [heap]
6c5c00000-6d5380000 rw-p 00000000 00:00 0 
6d5380000-76c980000 ---p 00000000 00:00 0 
76c980000-78c100000 rw-p 00000000 00:00 0 
78f100000-7c0000000 ---p 00000000 00:00 0 
7c0000000-7c0380000 rw-p 00000000 00:00 0 
7c0380000-800000000 ---p 00000000 00:00 0 
7f532c000000-7f532c021000 rw-p 00000000 00:00 0 
7f532c021000-7f5330000000 ---p 00000000 00:00 0 
7f5334000000-7f53354c4000 rw-p 00000000 00:00 0 
7f53354c4000-7f5338000000 ---p 00000000 00:00 0 
7f5338000000-7f5338021000 rw-p 00000000 00:00 0 
7f5338021000-7f533c000000 ---p 00000000 00:00 0 
7f533c000000-7f533df70000 rw-p 00000000 00:00 0 
7f533df70000-7f5340000000 ---p 00000000 00:00 0 
7f5340000000-7f5341e47000 rw-p 00000000 00:00 0 
7f5341e47000-7f5344000000 ---p 00000000 00:00 0 
7f5344000000-7f5344021000 rw-p 00000000 00:00 0 
7f5344021000-7f5348000000 ---p 00000000 00:00 0 
7f5348000000-7f5348021000 rw-p 00000000 00:00 0 
7f5348021000-7f534c000000 ---p 00000000 00:00 0 
7f534c000000-7f534c29c000 rw-p 00000000 00:00 0 
7f534c29c000-7f5350000000 ---p 00000000 00:00 0 
7f5350000000-7f5350021000 rw-p 00000000 00:00 0 
7f5350021000-7f5354000000 ---p 00000000 00:00 0 
7f5354000000-7f5354021000 rw-p 00000000 00:00 0 
7f5354021000-7f5358000000 ---p 00000000 00:00 0 
7f5358000000-7f5358021000 rw-p 00000000 00:00 0 
7f5358021000-7f535c000000 ---p 00000000 00:00 0 
7f535c000000-7f535c021000 rw-p 00000000 00:00 0 
7f535c021000-7f5360000000 ---p 00000000 00:00 0 
7f5362e04000-7f5362f44000 rw-p 00000000 00:00 0 
7f5362f44000-7f5363004000 ---p 00000000 00:00 0 
7f5363004000-7f5363017000 r--s 00345000 08:01 4720044                    /opt/java/jdk1.8.0_221/jre/lib/resources.jar
7f5363017000-7f5363091000 r--s 010fd000 08:01 4719170                    /opt/java/jdk1.8.0_221/lib/tools.jar
7f5363091000-7f5363094000 r--s 00006000 08:01 2884520                    /home/lat-lon/.m2/repo/com/google/code/findbugs/jsr305/1.3.9/jsr305-1.3.9.jar
7f5363094000-7f53630b2000 r--s 00151000 08:01 2884514                    /home/lat-lon/.m2/repo/com/google/guava/guava/10.0/guava-10.0.jar
7f53630b2000-7f53630bb000 r--s 0005e000 08:01 2884508                    /home/lat-lon/.m2/repo/com/jgoodies/looks/2.2.2/looks-2.2.2.jar
7f53630bb000-7f53630c1000 r--s 00080000 08:01 2884502                    /home/lat-lon/.m2/repo/postgresql/postgresql/9.1-903.jdbc4/postgresql-9.1-903.jdbc4.jar
7f53630c1000-7f53630c4000 r--s 00013000 08:01 2884490                    /home/lat-lon/.m2/repo/net/java/dev/fuse/fuse-core/0.4/fuse-core-0.4.jar
7f53630c4000-7f53630d4000 r--s 0013f000 08:01 2884484                    /home/lat-lon/.m2/repo/jfree/jfreechart/1.0.12/jfreechart-1.0.12.jar
7f53630d4000-7f53630da000 r--s 00046000 08:01 2884478                    /home/lat-lon/.m2/repo/jfree/jcommon/1.0.15/jcommon-1.0.15.jar
7f53630da000-7f53630dc000 r--s 00006000 08:01 2884472                    /home/lat-lon/.m2/repo/org/apache/axis/axis-jaxrpc/1.4/axis-jaxrpc-1.4.jar
7f53630dc000-7f53630e0000 r--s 0004c000 08:01 2884466                    /home/lat-lon/.m2/repo/de/aedsicad/aaaweb-soap-connector/6.4.7.1-1/aaaweb-soap-connector-6.4.7.1-1.jar
7f53630e0000-7f53630e2000 r--s 0000e000 08:01 2884460                    /home/lat-lon/.m2/repo/javax/activation/activation/1.1/activation-1.1.jar
7f53630e2000-7f53630e5000 r--s 00017000 08:01 2884454                    /home/lat-lon/.m2/repo/javax/xml/bind/jaxb-api/2.2.2/jaxb-api-2.2.2.jar
7f53630e5000-7f53630e7000 r--s 0001b000 08:01 2884448                    /home/lat-lon/.m2/repo/com/jgoodies/forms/1.2.1/forms-1.2.1.jar
7f53630e7000-7f53630ef000 r--s 0004b000 08:01 2884442                    /home/lat-lon/.m2/repo/com/explodingpixels/mac_widgets/0.9.5/mac_widgets-0.9.5.jar
7f53630ef000-7f53630f1000 r--s 0000b000 08:01 2884436                    /home/lat-lon/.m2/repo/org/swinglabs/jxlayer/3.0.3/jxlayer-3.0.3.jar
7f53630f1000-7f5363108000 r--s 00125000 08:01 2884430                    /home/lat-lon/.m2/repo/de/cismet/todo/quicktime/unknown/quicktime-unknown.jar
7f5363108000-7f536310a000 r--s 00009000 08:01 2884424                    /home/lat-lon/.m2/repo/com/twelvemonkeys/imageio/imageio-tiff/3.0/imageio-tiff-3.0.jar
7f536310a000-7f536310d000 r--s 00011000 08:01 2884418                    /home/lat-lon/.m2/repo/com/twelvemonkeys/common/common-image/3.0/common-image-3.0.jar
7f536310d000-7f5363111000 r--s 00018000 08:01 2884412                    /home/lat-lon/.m2/repo/com/twelvemonkeys/common/common-lang/3.0/common-lang-3.0.jar
7f5363111000-7f5363114000 r--s 00013000 08:01 2884406                    /home/lat-lon/.m2/repo/com/twelvemonkeys/common/common-io/3.0/common-io-3.0.jar
7f5363114000-7f5363117000 r--s 00009000 08:01 2884400                    /home/lat-lon/.m2/repo/com/twelvemonkeys/imageio/imageio-core/3.0/imageio-core-3.0.jar
7f5363117000-7f5363119000 r--s 0000b000 08:01 2884394                    /home/lat-lon/.m2/repo/com/twelvemonkeys/imageio/imageio-jpeg/3.0/imageio-jpeg-3.0.jar
7f5363119000-7f536312e000 r--s 00145000 08:01 2099006                    /home/lat-lon/.m2/repo/org/projectlombok/lombok/1.16.12/lombok-1.16.12.jar
7f536312e000-7f5363133000 r--s 00041000 08:01 2367890                    /home/lat-lon/.m2/repo/commons-lang/commons-lang/2.6/commons-lang-2.6.jar
7f5363133000-7f5363136000 r--s 00047000 08:01 2230183                    /home/lat-lon/.m2/repo/org/netbeans/api/org-openide-util-lookup/RELEASE701/org-openide-util-lookup-RELEASE701.jar
7f5363136000-7f536313d000 r--s 000d1000 08:01 2099083                    /home/lat-lon/.m2/repo/org/netbeans/api/org-openide-filesystems/RELEASE701/org-openide-filesystems-RELEASE701.jar
7f536313d000-7f5363142000 r--s 00086000 08:01 2884382                    /home/lat-lon/.m2/repo/org/netbeans/api/org-openide-awt/RELEASE701/org-openide-awt-RELEASE701.jar
7f5363142000-7f5363145000 r--s 00012000 08:01 2884376                    /home/lat-lon/.m2/repo/edu/umd/piccolo/1.2/piccolo-1.2.jar
7f5363145000-7f5363146000 r--s 0001c000 08:01 2884370                    /home/lat-lon/.m2/repo/org/swinglabs/swing-layout/1.0.3/swing-layout-1.0.3.jar
7f5363146000-7f536314c000 r--s 000a8000 08:01 2884364                    /home/lat-lon/.m2/repo/org/netbeans/api/org-openide-util/RELEASE701/org-openide-util-RELEASE701.jar
7f536314c000-7f5363155000 r--s 0002d000 08:01 2884358                    /home/lat-lon/.m2/repo/xml-apis/xml-apis/1.4.01/xml-apis-1.4.01.jar
7f5363155000-7f5363156000 r--s 00004000 08:01 2884352                    /home/lat-lon/.m2/repo/batik/batik-xml/1.6-1/batik-xml-1.6-1.jar
7f5363156000-7f5363158000 r--s 00012000 08:01 2884346                    /home/lat-lon/.m2/repo/batik/batik-util/1.6-1/batik-util-1.6-1.jar
7f5363158000-7f536315e000 r--s 0008c000 08:01 2884340                    /home/lat-lon/.m2/repo/rhino/js/1.5R4.1/js-1.5R4.1.jar
7f536315e000-7f5363161000 r--s 00007000 08:01 2884334                    /home/lat-lon/.m2/repo/batik/batik-script/1.6-1/batik-script-1.6-1.jar
7f5363161000-7f5363164000 r--s 0000d000 08:01 2884328                    /home/lat-lon/.m2/repo/batik/batik-transcoder/1.6-1/batik-transcoder-1.6-1.jar
7f5363164000-7f5363166000 r--s 00008000 08:01 2884322                    /home/lat-lon/.m2/repo/batik/batik-parser/1.6-1/batik-parser-1.6-1.jar
7f5363166000-7f536316b000 r--s 0000e000 08:01 2884316                    /home/lat-lon/.m2/repo/batik/batik-ext/1.6-1/batik-ext-1.6-1.jar
7f536316b000-7f5363173000 r--s 00033000 08:01 2884310                    /home/lat-lon/.m2/repo/batik/batik-css/1.6-1/batik-css-1.6-1.jar
7f5363173000-7f536317f000 r--s 0005d000 08:01 2884304                    /home/lat-lon/.m2/repo/batik/batik-svg-dom/1.6-1/batik-svg-dom-1.6-1.jar
7f536317f000-7f5363183000 r--s 00026000 08:01 2884298                    /home/lat-lon/.m2/repo/batik/batik-gvt/1.6-1/batik-gvt-1.6-1.jar
7f5363183000-7f5363186000 r--s 00013000 08:01 2884292                    /home/lat-lon/.m2/repo/batik/batik-dom/1.6-1/batik-dom-1.6-1.jar
7f5363186000-7f536318c000 r--s 0003e000 08:01 2884286                    /home/lat-lon/.m2/repo/batik/batik-bridge/1.6-1/batik-bridge-1.6-1.jar
7f536318c000-7f536318e000 r--s 00008000 08:01 2884280                    /home/lat-lon/.m2/repo/org/deegree/deegree-core-filterfunctions/3.2.3/deegree-core-filterfunctions-3.2.3.jar
7f536318e000-7f5363194000 r--s 00034000 08:01 2884274                    /home/lat-lon/.m2/repo/org/deegree/deegree-core-style/3.2.3/deegree-core-style-3.2.3.jar
7f5363194000-7f5363196000 r--s 00023000 08:01 2884268                    /home/lat-lon/.m2/repo/org/jdom/jdom-legacy/1.1.3/jdom-legacy-1.1.3.jar
7f5363196000-7f536319e000 r--s 0007a000 08:01 2884262                    /home/lat-lon/.m2/repo/com/google/zxing/core/2.3.0/core-2.3.0.jar
7f536319e000-7f53631a6000 r--s 00065000 08:01 2884256                    /home/lat-lon/.m2/repo/org/olap4j/olap4j/0.9.7.309-JS-3/olap4j-0.9.7.309-JS-3.jar
7f53631a6000-7f53631a8000 r--s 0000a000 08:01 2884250                    /home/lat-lon/.m2/repo/org/apache/lucene/lucene-sandbox/4.5.1/lucene-sandbox-4.5.1.jar
7f53631a8000-7f53631ae000 r--s 0002d000 08:01 2884244                    /home/lat-lon/.m2/repo/org/apache/lucene/lucene-queries/4.5.1/lucene-queries-4.5.1.jar
7f53631ae000-7f53631b7000 r--s 00055000 08:01 2884238                    /home/lat-lon/.m2/repo/org/apache/lucene/lucene-queryparser/4.5.1/lucene-queryparser-4.5.1.jar
7f53631b7000-7f53631c7000 r--s 00174000 08:01 2884232                    /home/lat-lon/.m2/repo/org/apache/lucene/lucene-analyzers-common/4.5.1/lucene-analyzers-common-4.5.1.jar
7f53631c7000-7f53631ed000 r--s 0020b000 08:01 2884226                    /home/lat-lon/.m2/repo/org/apache/lucene/lucene-core/4.5.1/lucene-core-4.5.1.jar
7f53631ed000-7f53631ee000 r--s 0000c000 08:01 2884220                    /home/lat-lon/.m2/repo/org/springframework/spring-asm/3.0.6.RELEASE/spring-asm-3.0.6.RELEASE.jar
7f53631ee000-7f53631f2000 r--s 00026000 08:01 2884214                    /home/lat-lon/.m2/repo/org/springframework/spring-expression/3.0.6.RELEASE/spring-expression-3.0.6.RELEASE.jar
7f53631f2000-7f53631fb000 r--s 00055000 08:01 2884208                    /home/lat-lon/.m2/repo/org/springframework/spring-core/3.0.6.RELEASE/spring-core-3.0.6.RELEASE.jar
7f53631fb000-7f5363206000 r--s 0007d000 08:01 2884202                    /home/lat-lon/.m2/repo/org/springframework/spring-beans/3.0.6.RELEASE/spring-beans-3.0.6.RELEASE.jar
7f5363206000-7f5363208000 r--s 00000000 08:01 2884196                    /home/lat-lon/.m2/repo/aopalliance/aopalliance/1.0/aopalliance-1.0.jar
7f5363208000-7f5363211000 r--s 00046000 08:01 2884190                    /home/lat-lon/.m2/repo/org/springframework/spring-aop/3.0.6.RELEASE/spring-aop-3.0.6.RELEASE.jar
7f5363211000-7f5363222000 r--s 00093000 08:01 2884184                    /home/lat-lon/.m2/repo/org/springframework/spring-context/3.0.6.RELEASE/spring-context-3.0.6.RELEASE.jar
7f5363222000-7f5363223000 r--s 00000000 08:01 2884178                    /home/lat-lon/.m2/repo/javax/inject/javax.inject/1/javax.inject-1.jar
7f5363223000-7f5363226000 r--s 0000a000 08:01 2884172                    /home/lat-lon/.m2/repo/org/codehaus/castor/castor-core/1.3.3/castor-core-1.3.3.jar
7f5363226000-7f5363237000 r--s 000c5000 08:01 2884166                    /home/lat-lon/.m2/repo/org/codehaus/castor/castor-xml/1.3.3/castor-xml-1.3.3.jar
7f5363237000-7f5363246000 r--s 001b0000 08:01 2884160                    /home/lat-lon/.m2/repo/org/eclipse/jdt/core/compiler/ecj/4.3.1/ecj-4.3.1.jar
7f5363246000-7f53632a1000 r--s 0049a000 08:01 2884154                    /home/lat-lon/.m2/repo/net/sf/jasperreports/jasperreports/6.0.4/jasperreports-6.0.4.jar
7f53632a1000-7f53632a4000 r--s 0001d000 08:01 2884148                    /home/lat-lon/.m2/repo/com/sun/jersey/jersey-client/1.17.1/jersey-client-1.17.1.jar
7f53632a4000-7f53632a7000 r--s 00006000 08:01 2884142                    /home/lat-lon/.m2/repo/com/fasterxml/jackson/core/jackson-annotations/2.2.3/jackson-annotations-2.2.3.jar
7f53632a7000-7f53632b8000 r--s 000c3000 08:01 2884136                    /home/lat-lon/.m2/repo/com/fasterxml/jackson/core/jackson-databind/2.2.3/jackson-databind-2.2.3.jar
7f53632b8000-7f53632bc000 r--s 0002c000 08:01 2884130                    /home/lat-lon/.m2/repo/com/fasterxml/jackson/core/jackson-core/2.2.3/jackson-core-2.2.3.jar
7f53632bc000-7f53632c5000 r--s 0006f000 08:01 2884124                    /home/lat-lon/.m2/repo/log4j/log4j/1.2.17/log4j-1.2.17.jar
7f53632c5000-7f53632d6000 r--s 000b2000 08:01 2884118                    /home/lat-lon/.m2/repo/com/vividsolutions/jts/1.13/jts-1.13.jar
7f53632d6000-7f53632d8000 r--s 00002000 08:01 2884112                    /home/lat-lon/.m2/repo/org/swinglabs/swing-worker/1.1/swing-worker-1.1.jar
7f53632d8000-7f53632f1000 r--s 00123000 08:01 2884106                    /home/lat-lon/.m2/repo/org/swinglabs/swingx/1.6/swingx-1.6.jar
7f53632f1000-7f53632f3000 r--s 00009000 08:01 2884094                    /home/lat-lon/.m2/repo/org/slf4j/slf4j-api/1.7.22/slf4j-api-1.7.22.jar
7f53632f3000-7f53632f5000 r--s 00003000 08:01 2884088                    /home/lat-lon/.m2/repo/org/slf4j/jcl-over-slf4j/1.7.22/jcl-over-slf4j-1.7.22.jar
7f53632f5000-7f53632f8000 r--s 00017000 08:01 2884082                    /home/lat-lon/.m2/repo/io/socket/engine.io-client/1.0.0/engine.io-client-1.0.0.jar
7f53632f8000-7f53632fa000 r--s 0000a000 08:01 4458497                    /home/lat-lon/.m2/repo/org/json/json/20090211/json-20090211.jar
7f53632fa000-7f53632fd000 r--s 0000d000 08:01 2884076                    /home/lat-lon/.m2/repo/io/socket/socket.io-client/1.0.0/socket.io-client-1.0.0.jar
7f53632fd000-7f53632ff000 r--s 00007000 08:01 2884070                    /home/lat-lon/.m2/repo/de/cismet/jgrid/6.0/jgrid-6.0.jar
7f53632ff000-7f5363305000 r--s 0004a000 08:01 2884064                    /home/lat-lon/.m2/repo/de/cismet/custom/beansbinding/6.0/beansbinding-6.0.jar
7f5363305000-7f5363319000 r--s 00107000 08:01 2234129                    /home/lat-lon/.m2/repo/de/cismet/cismap/cismap-plugin/6.1.9/cismap-plugin-6.1.9.jar
7f5363319000-7f536331b000 r--s 00015000 08:01 2884034                    /home/lat-lon/.m2/repo/org/ccil/cowan/tagsoup/tagsoup/1.2.1/tagsoup-1.2.1.jar
7f536331b000-7f5363331000 r--s 001cd000 08:01 2884028                    /home/lat-lon/.m2/repo/net/infonode/docking/docking/1.5.0/docking-1.5.0.jar
7f5363331000-7f536333e000 r--s 00108000 08:01 2884022                    /home/lat-lon/.m2/repo/com/lowagie/itext/2.1.7.js2/itext-2.1.7.js2.jar
7f536333e000-7f5363340000 r--s 0000c000 08:01 2884016                    /home/lat-lon/.m2/repo/commons-cli/commons-cli/1.4/commons-cli-1.4.jar
7f5363340000-7f5363346000 r--s 0002b000 08:01 2884010                    /home/lat-lon/.m2/repo/commons-digester/commons-digester/2.1/commons-digester-2.1.jar
7f5363346000-7f5363367000 r--s 001d9000 08:01 3934902                    /home/lat-lon/.m2/repo/de/cismet/cids/navigator/cids-navigator/6.4/cids-navigator-6.4.jar
7f5363367000-7f536336a000 r--s 0000c000 08:01 2883998                    /home/lat-lon/.m2/repo/com/twelvemonkeys/imageio/imageio-metadata/3.0/imageio-metadata-3.0.jar
7f536336a000-7f5363370000 r--s 00047000 08:01 2883992                    /home/lat-lon/.m2/repo/org/jsoup/jsoup/1.8.3/jsoup-1.8.3.jar
7f5363370000-7f5363373000 r--s 00030000 08:01 2883986                    /home/lat-lon/.m2/repo/de/aedsicad/auftragsmanager-soap-connector/6.4.12.3-1/auftragsmanager-soap-connector-6.4.12.3-1.jar
7f5363373000-7f5363374000 r--s 00004000 08:01 2883968                    /home/lat-lon/.m2/repo/org/apache/axis/axis-saaj/1.4/axis-saaj-1.4.jar
7f5363374000-7f5363388000 r--s 00173000 08:01 2883962                    /home/lat-lon/.m2/repo/axis/axis/1.4/axis-1.4.jar
7f5363388000-7f5363389000 r--s 00013000 08:01 4330045                    /home/lat-lon/.m2/repo/com/squareup/okio/okio/1.13.0/okio-1.13.0.jar
7f5363389000-7f536338f000 r--s 0005c000 08:01 4199499                    /home/lat-lon/.m2/repo/com/squareup/okhttp3/okhttp/3.8.1/okhttp-3.8.1.jar
7f536338f000-7f5363390000 r--s 00006000 08:01 2099063                    /home/lat-lon/.m2/repo/org/codehaus/jackson/jackson-xc/1.9.2/jackson-xc-1.9.2.jar
7f5363390000-7f5363391000 r--s 00004000 08:01 2883944                    /home/lat-lon/.m2/repo/org/codehaus/jackson/jackson-jaxrs/1.9.2/jackson-jaxrs-1.9.2.jar
7f5363391000-7f536339f000 r--s 000ad000 08:01 2883938                    /home/lat-lon/.m2/repo/org/codehaus/jackson/jackson-mapper-asl/1.9.2/jackson-mapper-asl-1.9.2.jar
7f536339f000-7f53633a3000 r--s 00034000 08:01 2883932                    /home/lat-lon/.m2/repo/org/codehaus/jackson/jackson-core-asl/1.9.2/jackson-core-asl-1.9.2.jar
7f53633a3000-7f53633b6000 r--s 000c7000 08:01 2883926                    /home/lat-lon/.m2/repo/com/sun/xml/bind/jaxb-impl/2.2.3-1/jaxb-impl-2.2.3-1.jar
7f53633b6000-7f53633b8000 r--s 0000f000 08:01 2883920                    /home/lat-lon/.m2/repo/org/codehaus/jettison/jettison/1.1/jettison-1.1.jar
7f53633b8000-7f53633bc000 r--s 00024000 08:01 2883914                    /home/lat-lon/.m2/repo/com/sun/jersey/jersey-json/1.17.1/jersey-json-1.17.1.jar
7f53633bc000-7f53633d1000 r--s 0027c000 08:01 3803847                    /home/lat-lon/.m2/repo/de/cismet/cids/custom/wupp/server/cids-custom-server-wuppertal/6.25-SNAPSHOT/cids-custom-server-wuppertal-6.25-SNAPSHOT.jar
7f53633d1000-7f53633d3000 r--s 0001f000 08:01 2883908                    /home/lat-lon/.m2/repo/org/mortbay/jetty/servlet-api/2.5-20081211/servlet-api-2.5-20081211.jar
7f53633d3000-7f53633d6000 r--s 0001e000 08:01 2883902                    /home/lat-lon/.m2/repo/com/zaxxer/HikariCP-java7/2.4.13/HikariCP-java7-2.4.13.jar
7f53633d6000-7f53633e1000 r--s 0009f000 08:01 2883896                    /home/lat-lon/.m2/repo/org/quartz-scheduler/quartz/2.3.2/quartz-2.3.2.jar
7f53633e1000-7f53633f2000 r--s 0008a000 08:01 2367878                    /home/lat-lon/.m2/repo/com/mchange/mchange-commons-java/0.2.19/mchange-commons-java-0.2.19.jar
7f53633f2000-7f53633fa000 r--s 00073000 08:01 2367872                    /home/lat-lon/.m2/repo/com/mchange/c3p0/0.9.5.5/c3p0-0.9.5.5.jar
7f53633fa000-7f53633ff000 r--s 00038000 08:01 2884496                    /home/lat-lon/.m2/repo/commons-beanutils/commons-beanutils/1.9.4/commons-beanutils-1.9.4.jar
7f53633ff000-7f5363403000 r--s 00028000 08:01 2367866                    /home/lat-lon/.m2/repo/org/mortbay/jetty/jetty-util/6.1.25/jetty-util-6.1.25.jar
7f5363403000-7f5363405000 r--s 00008000 08:01 2230169                    /home/lat-lon/.m2/repo/org/jvnet/mimepull/1.6/mimepull-1.6.jar
7f5363405000-7f5363407000 r--s 0000b000 08:01 2230162                    /home/lat-lon/.m2/repo/com/sun/jersey/contribs/jersey-multipart/1.17.1/jersey-multipart-1.17.1.jar
7f5363407000-7f5363409000 r--s 00004000 08:01 2230134                    /home/lat-lon/.m2/repo/com/sun/jersey/contribs/jersey-apache-client/1.17.1/jersey-apache-client-1.17.1.jar
7f5363409000-7f536340a000 r--s 00004000 08:01 2230094                    /home/lat-lon/.m2/repo/org/mindrot/jbcrypt/0.3m/jbcrypt-0.3m.jar
7f536340a000-7f536340d000 r--s 00010000 08:01 2230087                    /home/lat-lon/.m2/repo/de/cismet/cids/cids-server-rest-types/6.0/cids-server-rest-types-6.0.jar
7f536340d000-7f536341c000 r--s 000c9000 08:01 2230077                    /home/lat-lon/.m2/repo/de/cismet/cids/cids-server/6.4/cids-server-6.4.jar
7f536341c000-7f536341e000 r--s 0000a000 08:01 2230066                    /home/lat-lon/.m2/repo/org/apache/geronimo/specs/geronimo-activation_1.1_spec/1.1/geronimo-activation_1.1_spec-1.1.jar
7f536341e000-7f5363421000 r--s 00014000 08:01 2230059                    /home/lat-lon/.m2/repo/net/java/dev/jsr-275/jsr-275/1.0-beta-2/jsr-275-1.0-beta-2.jar
7f5363421000-7f536342f000 r--s 00047000 08:01 2230032                    /home/lat-lon/.m2/repo/org/geotools/gt-opengis/10.8/gt-opengis-10.8.jar
7f536342f000-7f5363431000 r--s 00002000 08:01 2229998                    /home/lat-lon/.m2/repo/jgridshift/jgridshift/1.0-deegreeversion/jgridshift-1.0-deegreeversion.jar
7f5363431000-7f536343a000 r--s 00073000 08:01 2229927                    /home/lat-lon/.m2/repo/org/geotools/gt-metadata/10.8/gt-metadata-10.8.jar
7f536343a000-7f5363449000 r--s 00109000 08:01 2229903                    /home/lat-lon/.m2/repo/org/geotools/gt-referencing/10.8/gt-referencing-10.8.jar
7f5363449000-7f5363452000 r--s 00052000 08:01 2229874                    /home/lat-lon/.m2/repo/batik/batik-awt-util/1.6-1/batik-awt-util-1.6-1.jar
7f5363452000-7f5363453000 r--s 00001000 08:01 2229849                    /home/lat-lon/.m2/repo/org/orbisgis/h2spatial-api/1.2.3/h2spatial-api-1.2.3.jar
7f5363453000-7f5363455000 r--s 0000f000 08:01 2229622                    /home/lat-lon/.m2/repo/org/orbisgis/spatial-utilities/1.2.3/spatial-utilities-1.2.3.jar
7f5363455000-7f5363463000 r--s 00193000 08:01 2229594                    /home/lat-lon/.m2/repo/com/h2database/h2/1.4.188/h2-1.4.188.jar
7f5363463000-7f5363467000 r--s 00028000 08:01 2229582                    /home/lat-lon/.m2/repo/bounce/bounce/0.14/bounce-0.14.jar
7f5363467000-7f5363469000 r--s 00028000 08:01 2229567                    /home/lat-lon/.m2/repo/calpa/html/calpahtml/2_04/calpahtml-2_04.jar
7f5363469000-7f5363470000 r--s 00056000 08:01 2229554                    /home/lat-lon/.m2/repo/ar/com/fdvs/DynamicJasper/5.0.2/DynamicJasper-5.0.2.jar
7f5363470000-7f5363473000 r--s 0001a000 08:01 2229546                    /home/lat-lon/.m2/repo/edu/umd/piccolox/1.2/piccolox-1.2.jar
7f5363473000-7f536347d000 r--s 000aa000 08:01 2229525                    /home/lat-lon/.m2/repo/org/javassist/javassist/3.21.0-GA/javassist-3.21.0-GA.jar
7f536347d000-7f5363481000 r--s 00029000 08:01 2229499                    /home/lat-lon/.m2/repo/org/codehaus/woodstox/stax2-api/3.1.1/stax2-api-3.1.1.jar
7f5363481000-7f5363486000 r--s 00070000 08:01 2229488                    /home/lat-lon/.m2/repo/org/codehaus/woodstox/woodstox-core-asl/4.1.4/woodstox-core-asl-4.1.4.jar
7f5363486000-7f5363487000 r--s 00009000 08:01 2229376                    /home/lat-lon/.m2/repo/it/geosolutions/imageio-ext/imageio-ext-utilities/1.1.0/imageio-ext-utilities-1.1.0.jar
7f5363487000-7f536348f000 r--s 00045000 08:01 2229353                    /home/lat-lon/.m2/repo/it/geosolutions/imageio-ext/imageio-ext-tiff/1.1.0/imageio-ext-tiff-1.1.0.jar
7f536348f000-7f53634a8000 r--s 00112000 08:01 2229341                    /home/lat-lon/.m2/repo/net/sf/ehcache/ehcache-core/2.5.1/ehcache-core-2.5.1.jar
7f53634a8000-7f53634ae000 r--s 00048000 08:01 2099020                    /home/lat-lon/.m2/repo/org/deegree/deegree-core-coverage/3.2.3/deegree-core-coverage-3.2.3.jar
7f53634ae000-7f53634b5000 r--s 0006c000 08:01 2098967                    /home/lat-lon/.m2/repo/org/deegree/deegree-core-base/3.2.3/deegree-core-base-3.2.3.jar
7f53634b5000-7f53634c4000 r--s 000ab000 08:01 2098960                    /home/lat-lon/.m2/repo/org/apache/commons/commons-math/2.0/commons-math-2.0.jar
7f53634c4000-7f53634cb000 r--s 000b1000 08:01 2098953                    /home/lat-lon/.m2/repo/org/deegree/deegree-core-cs/3.2.3/deegree-core-cs-3.2.3.jar
7f53634cb000-7f53634d1000 r--s 0003b000 08:01 2098946                    /home/lat-lon/.m2/repo/org/deegree/deegree-core-geometry/3.2.3/deegree-core-geometry-3.2.3.jar
7f53634d1000-7f53634d2000 r--s 00009000 08:01 2229328                    /home/lat-lon/.m2/repo/jai/jai-mlibwrapper/1.1.3/jai-mlibwrapper-1.1.3.jar
7f53634d2000-7f53634d3000 r--s 00002000 08:01 2098939                    /home/lat-lon/.m2/repo/org/deegree/deegree-core-tile/3.2.3/deegree-core-tile-3.2.3.jar
7f53634d3000-7f53634d7000 r--s 0001a000 08:01 2098932                    /home/lat-lon/.m2/repo/org/deegree/deegree-core-rendering-2d/3.2.3/deegree-core-rendering-2d-3.2.3.jar
7f53634d7000-7f5363513000 r--s 0086c000 08:01 2098913                    /home/lat-lon/.m2/repo/org/deegree/deegree-ogcschemas/20120804/deegree-ogcschemas-20120804.jar
7f5363513000-7f5363517000 r--s 00028000 08:01 2229295                    /home/lat-lon/.m2/repo/com/google/code/gson/gson/2.1/gson-2.1.jar
7f5363517000-7f536351a000 r--s 00016000 08:01 2098897                    /home/lat-lon/.m2/repo/org/reflections/reflections/0.9.6/reflections-0.9.6.jar
7f536351a000-7f5363525000 r--s 00108000 08:01 2229230                    /home/lat-lon/.m2/repo/jogl/jogl/1.1.2/jogl-1.1.2.jar
7f5363525000-7f5363528000 r--s 00019000 08:01 2098884                    /home/lat-lon/.m2/repo/commons-pool/commons-pool/1.6/commons-pool-1.6.jar
7f5363528000-7f536352d000 r--s 00028000 08:01 2098867                    /home/lat-lon/.m2/repo/org/apache/httpcomponents/httpcore/4.1/httpcore-4.1.jar
7f536352d000-7f5363535000 r--s 0004e000 08:01 2098833                    /home/lat-lon/.m2/repo/org/apache/httpcomponents/httpclient/4.1/httpclient-4.1.jar
7f5363535000-7f5363537000 r--s 0001c000 08:01 2098816                    /home/lat-lon/.m2/repo/commons-dbcp/commons-dbcp/1.2.2/commons-dbcp-1.2.2.jar
7f5363537000-7f536353c000 r--s 00043000 08:01 2229220                    /home/lat-lon/.m2/repo/com/sun/xml/fastinfoset/FastInfoset/1.2.7/FastInfoset-1.2.7.jar
7f536353c000-7f536353f000 r--s 00015000 08:01 2098799                    /home/lat-lon/.m2/repo/org/apache/james/apache-mime4j-core/0.7.2/apache-mime4j-core-0.7.2.jar
7f536353f000-7f5363549000 r--s 0005d000 08:01 2098792                    /home/lat-lon/.m2/repo/org/apache/ws/commons/axiom/axiom-api/1.2.13/axiom-api-1.2.13.jar
7f5363549000-7f536354e000 r--s 00032000 08:01 2098775                    /home/lat-lon/.m2/repo/org/apache/geronimo/specs/geronimo-javamail_1.4_spec/1.7.1/geronimo-javamail_1.4_spec-1.7.1.jar
7f536354e000-7f5363552000 r--s 00023000 08:01 2098760                    /home/lat-lon/.m2/repo/org/apache/ws/commons/axiom/axiom-impl/1.2.13/axiom-impl-1.2.13.jar
7f5363552000-7f5363559000 r--s 00000000 08:01 11035330                   /usr/lib/x86_64-linux-gnu/gconv/gconv-modules.cache
7f5363559000-7f536357f000 r--p 00000000 08:01 11804680                   /usr/share/locale-langpack/de/LC_MESSAGES/libc.mo
7f536357f000-7f536377f000 rw-p 00000000 00:00 0 
7f536377f000-7f5363781000 r--s 00002000 08:01 2098743                    /home/lat-lon/.m2/repo/org/deegree/deegree-core-annotations/3.2.3/deegree-core-annotations-3.2.3.jar
7f5363781000-7f536378a000 r--s 0005f000 08:01 2098717                    /home/lat-lon/.m2/repo/org/deegree/deegree-core-commons/3.2.3/deegree-core-commons-3.2.3.jar
7f536378a000-7f536378e000 r--s 000a9000 08:01 2098703                    /home/lat-lon/.m2/repo/de/cismet/custom/ycad/1.0.2/ycad-1.0.2.jar
7f536378e000-7f53637a7000 r--s 00135000 08:01 2229161                    /home/lat-lon/.m2/repo/xerces/xercesImpl/2.11.0/xercesImpl-2.11.0.jar
7f53637a7000-7f53637b4000 r--s 00083000 08:01 2229151                    /home/lat-lon/.m2/repo/commons-collections/commons-collections/3.2.2/commons-collections-3.2.2.jar
7f53637b4000-7f53637ee000 r--s 00376000 08:01 2234127                    /home/lat-lon/.m2/repo/de/cismet/commons/cismap-commons/6.6.6/cismap-commons-6.6.6.jar
7f53637ee000-7f53637f5000 r--s 0004d000 08:01 2229125                    /home/lat-lon/.m2/repo/com/jhlabs/filters/2.0.235/filters-2.0.235.jar
7f53637f5000-7f53637f9000 r--s 0001e000 08:01 2229117                    /home/lat-lon/.m2/repo/commons-net/commons-net/3.3/commons-net-3.3-ftp.jar
7f53637f9000-7f536380a000 r--s 000f7000 08:01 2098680                    /home/lat-lon/.m2/repo/org/xhtmlrenderer/core-renderer/R8/core-renderer-R8.jar
7f536380a000-7f536380e000 r--s 00016000 08:01 2229092                    /home/lat-lon/.m2/repo/com/l2fprod/common/l2fprod-common-shared/6.9.1/l2fprod-common-shared-6.9.1.jar
7f536380e000-7f5363810000 r--s 00009000 08:01 2229075                    /home/lat-lon/.m2/repo/com/l2fprod/common/l2fprod-common-buttonbar/7.3/l2fprod-common-buttonbar-7.3.jar
7f5363810000-7f536386c000 r--s 0057f000 08:01 2098499                    /home/lat-lon/.m2/repo/org/codehaus/groovy/groovy-all/1.8.5/groovy-all-1.8.5.jar
7f536386c000-7f5363871000 r--s 001c0000 08:01 2229066                    /home/lat-lon/.m2/repo/net/dev/java/pdf-renderer/unknown/pdf-renderer-unknown.jar
7f5363871000-7f5363872000 r--s 00011000 08:01 2098478                    /home/lat-lon/.m2/repo/org/netbeans/api/org-netbeans-api-progress/RELEASE701/org-netbeans-api-progress-RELEASE701.jar
7f5363872000-7f5363874000 r--s 0002e000 08:01 2098468                    /home/lat-lon/.m2/repo/org/netbeans/api/org-openide-dialogs/RELEASE701/org-openide-dialogs-RELEASE701.jar
7f5363874000-7f5363879000 r--s 00048000 08:01 2098443                    /home/lat-lon/.m2/repo/dom4j/dom4j/1.6.1/dom4j-1.6.1.jar
7f5363879000-7f536387b000 r--s 00008000 08:01 2228999                    /home/lat-lon/.m2/repo/de/cismet/commons/wss-bean/6.0/wss-bean-6.0.jar
7f536387b000-7f5363894000 r--s 0012f000 08:01 2228965                    /home/lat-lon/.m2/repo/de/cismet/commons/cismet-gui-commons/6.2.7/cismet-gui-commons-6.2.7.jar
7f5363894000-7f53638a5000 r--s 00106000 08:01 2228937                    /home/lat-lon/.m2/repo/jai/jai-imageio/1.1.3/jai-imageio-1.1.3.jar
7f53638a5000-7f53638a7000 r--s 0001b000 08:01 2228878                    /home/lat-lon/.m2/repo/com/adobe/xmp/xmpcore/5.1.2/xmpcore-5.1.2.jar
7f53638a7000-7f53638ad000 r--s 0004f000 08:01 2228858                    /home/lat-lon/.m2/repo/com/drewnoakes/metadata-extractor/2.8.1/metadata-extractor-2.8.1.jar
7f53638ad000-7f53638b2000 r--s 00034000 08:01 2098417                    /home/lat-lon/.m2/repo/org/apache/jackrabbit/jackrabbit-jcr-commons/2.1.1/jackrabbit-jcr-commons-2.1.1.jar
7f53638b2000-7f53638b9000 r--s 00040000 08:01 2098336                    /home/lat-lon/.m2/repo/org/apache/jackrabbit/jackrabbit-webdav/2.1.1/jackrabbit-webdav-2.1.1.jar
7f53638b9000-7f53638bb000 r--s 00007000 08:01 2228843                    /home/lat-lon/.m2/repo/net/sourceforge/blowfishj/2.14/blowfishj-2.14.jar
7f53638bb000-7f53638c1000 r--s 00032000 08:01 2098211                    /home/lat-lon/.m2/repo/jaxen/jaxen/1.1.4/jaxen-1.1.4.jar
7f53638c1000-7f53638c3000 r--s 0004c000 08:01 2098204                    /home/lat-lon/.m2/repo/java3d/vecmath/1.5.2/vecmath-1.5.2.jar
7f53638c3000-7f5363901000 r--s 00505000 08:01 2098177                    /home/lat-lon/.m2/repo/de/cismet/custom/cismet-deegree/2.3.8/cismet-deegree-2.3.8.jar
7f5363901000-7f5363915000 r--s 001bd000 08:01 2228732                    /home/lat-lon/.m2/repo/jai/jai-core/1.1.3/jai-core-1.1.3.jar
7f5363915000-7f5363919000 r--s 0003c000 08:01 2228703                    /home/lat-lon/.m2/repo/jai/jai-codec/1.1.3/jai-codec-1.1.3.jar
7f5363919000-7f536391f000 r--s 00045000 08:01 2228677                    /home/lat-lon/.m2/repo/commons-httpclient/commons-httpclient/3.1/commons-httpclient-3.1.jar
7f536391f000-7f5363920000 r--s 0000a000 08:01 2098156                    /home/lat-lon/.m2/repo/asm/asm/3.1/asm-3.1.jar
7f5363920000-7f536392f000 r--s 00085000 08:01 2228602                    /home/lat-lon/.m2/repo/com/sun/jersey/jersey-server/1.17.1/jersey-server-1.17.1.jar
7f536392f000-7f5363936000 r--s 0007d000 08:01 2098129                    /home/lat-lon/.m2/repo/org/mortbay/jetty/jetty/6.1.25/jetty-6.1.25.jar
7f5363936000-7f5363939000 r--s 0001c000 08:01 2228595                    /home/lat-lon/.m2/repo/com/sun/jersey/jersey-servlet/1.17.1/jersey-servlet-1.17.1.jar
7f5363939000-7f5363944000 r--s 00068000 08:01 2228443                    /home/lat-lon/.m2/repo/com/sun/jersey/jersey-core/1.17.1/jersey-core-1.17.1.jar
7f5363944000-7f536394b000 r--s 0003f000 08:01 2228415                    /home/lat-lon/.m2/repo/commons-codec/commons-codec/1.10/commons-codec-1.10.jar
7f536394b000-7f5363951000 r--s 00043000 08:01 2234102                    /home/lat-lon/.m2/repo/de/cismet/commons/cismet-commons/6.5.7/cismet-commons-6.5.7.jar
7f5363951000-7f5363b51000 rw-p 00000000 00:00 0 
7f5363b51000-7f5363bcb000 r--s 010fd000 08:01 4719170                    /opt/java/jdk1.8.0_221/lib/tools.jar
7f5363bcb000-7f5363bcc000 r--s 00004000 08:01 2099542                    /home/lat-lon/.m2/repo/org/codehaus/plexus/plexus-compiler-javac/2.8.1/plexus-compiler-javac-2.8.1.jar
7f5363bcc000-7f5363bce000 r--s 00000000 08:01 2099561                    /home/lat-lon/.m2/repo/org/codehaus/plexus/plexus-compiler-manager/2.8.1/plexus-compiler-manager-2.8.1.jar
7f5363bce000-7f5363bd0000 r--s 00005000 08:01 2099359                    /home/lat-lon/.m2/repo/org/codehaus/plexus/plexus-compiler-api/2.8.1/plexus-compiler-api-2.8.1.jar
7f5363bd0000-7f5363bd7000 r--s 00046000 08:01 2229469                    /home/lat-lon/.m2/repo/com/thoughtworks/qdox/qdox/2.0-M5/qdox-2.0-M5.jar
7f5363bd7000-7f5363bd9000 r--s 0000c000 08:01 2099889                    /home/lat-lon/.m2/repo/org/ow2/asm/asm/6.0_ALPHA/asm-6.0_ALPHA.jar
7f5363bd9000-7f5363bdb000 r--s 00002000 08:01 2097296                    /home/lat-lon/.m2/repo/org/apache/maven/shared/maven-shared-incremental/1.1/maven-shared-incremental-1.1.jar
7f5363bdb000-7f5363bde000 r--s 00025000 08:01 2097312                    /home/lat-lon/.m2/repo/org/apache/maven/shared/maven-shared-utils/3.1.0/maven-shared-utils-3.1.0.jar
7f5363bde000-7f5363be0000 r--s 0000d000 08:01 2099617                    /home/lat-lon/.m2/repo/org/codehaus/plexus/plexus-interpolation/1.14/plexus-interpolation-1.14.jar
7f5363be0000-7f5363be4000 r--s 00033000 08:01 2099447                    /home/lat-lon/.m2/repo/org/codehaus/plexus/plexus-utils/2.0.4/plexus-utils-2.0.4.jar
7f5363be4000-7f5363be6000 r--s 0000d000 08:01 1968381                    /home/lat-lon/.m2/repo/org/apache/maven/plugins/maven-compiler-plugin/3.6.1/maven-compiler-plugin-3.6.1.jar
7f5363be6000-7f5363be9000 r--s 00011000 08:01 2099626                    /home/lat-lon/.m2/repo/org/codehaus/plexus/plexus-interpolation/1.24/plexus-interpolation-1.24.jar
7f5363be9000-7f5363bed000 r--s 0002f000 08:01 2884100                    /home/lat-lon/.m2/repo/commons-io/commons-io/2.5/commons-io-2.5.jar
7f5363bed000-7f5363bef000 r--s 00001000 08:01 1967770                    /home/lat-lon/.m2/repo/org/sonatype/plexus/plexus-build-api/0.0.7/plexus-build-api-0.0.7.jar
7f5363bef000-7f5363bf1000 r--s 00006000 08:01 2229693                    /home/lat-lon/.m2/repo/com/google/code/findbugs/jsr305/2.0.1/jsr305-2.0.1.jar
7f5363bf1000-7f5363bf4000 r--s 00023000 08:01 2097330                    /home/lat-lon/.m2/repo/org/apache/maven/shared/maven-shared-utils/3.0.0/maven-shared-utils-3.0.0.jar
7f5363bf4000-7f5363bf6000 r--s 0000b000 08:01 2097175                    /home/lat-lon/.m2/repo/org/apache/maven/shared/maven-filtering/3.1.1/maven-filtering-3.1.1.jar
7f5363bf6000-7f5363bfa000 r--s 00039000 08:01 2099441                    /home/lat-lon/.m2/repo/org/codehaus/plexus/plexus-utils/3.0.24/plexus-utils-3.0.24.jar
7f5363bfa000-7f5363bfc000 r--s 00000000 08:01 2099340                    /home/lat-lon/.m2/repo/org/codehaus/plexus/plexus-component-annotations/1.6/plexus-component-annotations-1.6.jar
7f5363bfc000-7f5363c00000 r--s 00017000 08:01 1967756                    /home/lat-lon/.m2/repo/org/sonatype/aether/aether-util/1.7/aether-util-1.7.jar
7f5363c00000-7f5363e00000 rw-p 00000000 00:00 0 
7f5363e00000-7f5364000000 rw-p 00000000 00:00 0 
7f5364000000-7f5364021000 rw-p 00000000 00:00 0 
7f5364021000-7f5368000000 ---p 00000000 00:00 0 
7f5368000000-7f536800b000 r--s 00069000 08:01 1967665                    /home/lat-lon/.m2/repo/org/sonatype/sisu/sisu-guice/2.1.7/sisu-guice-2.1.7-noaop.jar
7f536800b000-7f5368010000 r--s 00021000 08:01 1967635                    /home/lat-lon/.m2/repo/org/sonatype/sisu/sisu-inject-bean/1.4.2/sisu-inject-bean-1.4.2.jar
7f5368010000-7f5368011000 r--s 00007000 08:01 1968539                    /home/lat-lon/.m2/repo/org/apache/maven/plugins/maven-resources-plugin/3.0.2/maven-resources-plugin-3.0.2.jar
7f5368011000-7f5368013000 r--s 00009000 08:01 1967592                    /home/lat-lon/.m2/repo/org/hamcrest/hamcrest-core/1.3/hamcrest-core-1.3.jar
7f5368013000-7f5368019000 r--s 00036000 08:01 1967381                    /home/lat-lon/.m2/repo/junit/junit/4.11/junit-4.11.jar
7f5368019000-7f536801c000 r--s 0000c000 08:01 2099718                    /home/lat-lon/.m2/repo/org/codehaus/plexus/plexus-io/2.0.4/plexus-io-2.0.4.jar
7f536801c000-7f5368021000 r--s 00029000 08:01 2099385                    /home/lat-lon/.m2/repo/org/codehaus/plexus/plexus-archiver/2.2/plexus-archiver-2.2.jar
7f5368021000-7f5368023000 r--s 00007000 08:01 2098019                    /home/lat-lon/.m2/repo/org/apache/maven/plugin-testing/maven-plugin-testing-harness/1.3/maven-plugin-testing-harness-1.3.jar
7f5368023000-7f5368024000 r--s 00002000 08:01 2099798                    /home/lat-lon/.m2/repo/org/codehaus/plexus/plexus-i18n/1.0-beta-6/plexus-i18n-1.0-beta-6.jar
7f5368024000-7f5368029000 r--s 00040000 08:01 1967578                    /home/lat-lon/.m2/repo/org/beanshell/bsh/2.0b4/bsh-2.0b4.jar
7f5368029000-7f536802c000 r--s 00016000 08:01 2098037                    /home/lat-lon/.m2/repo/org/apache/maven/enforcer/enforcer-rules/1.4.1/enforcer-rules-1.4.1.jar
7f536802c000-7f536802d000 r--s 00002000 08:01 2098028                    /home/lat-lon/.m2/repo/org/apache/maven/enforcer/enforcer-api/1.4.1/enforcer-api-1.4.1.jar
7f536802d000-7f5368031000 r--s 00038000 08:01 2099949                    /home/lat-lon/.m2/repo/commons-lang/commons-lang/2.3/commons-lang-2.3.jar
7f5368031000-7f5368035000 r--s 00038000 08:01 2099431                    /home/lat-lon/.m2/repo/org/codehaus/plexus/plexus-utils/3.0.22/plexus-utils-3.0.22.jar
7f5368035000-7f5368096000 r--s 00a1a000 08:01 2229662                    /home/lat-lon/.m2/repo/com/ibm/icu/icu4j/56.1/icu4j-56.1.jar
7f5368096000-7f5368098000 r--s 00006000 08:01 2097238                    /home/lat-lon/.m2/repo/org/apache/maven/shared/maven-common-artifact-filters/1.4/maven-common-artifact-filters-1.4.jar
7f5368098000-7f536809c000 r--s 0001d000 08:01 1968322                    /home/lat-lon/.m2/repo/org/eclipse/aether/aether-util/0.9.0.M2/aether-util-0.9.0.M2.jar
7f536809c000-7f536809e000 r--s 00000000 08:01 2099335                    /home/lat-lon/.m2/repo/org/codehaus/plexus/plexus-component-annotations/1.5.5/plexus-component-annotations-1.5.5.jar
7f536809e000-7f53680a1000 r--s 0000d000 08:01 2097275                    /home/lat-lon/.m2/repo/org/apache/maven/shared/maven-dependency-tree/2.2/maven-dependency-tree-2.2.jar
7f53680a1000-7f53680a2000 r--s 00008000 08:01 2099214                    /home/lat-lon/.m2/repo/org/codehaus/mojo/extra-enforcer-rules/1.0-beta-6/extra-enforcer-rules-1.0-beta-6.jar
7f53680a2000-7f53680a3000 r--s 00006000 08:01 1968484                    /home/lat-lon/.m2/repo/org/apache/maven/plugins/maven-enforcer-plugin/1.4.1/maven-enforcer-plugin-1.4.1.jar
7f53680a3000-7f53680a4000 r--s 00004000 08:01 2098387                    /home/lat-lon/.m2/repo/org/apache/ant/ant-launcher/1.9.4/ant-launcher-1.9.4.jar
7f53680a4000-7f53680c2000 r--s 001cf000 08:01 2098383                    /home/lat-lon/.m2/repo/org/apache/ant/ant/1.9.4/ant-1.9.4.jar
7f53680c2000-7f53680c6000 r--s 00038000 08:01 2099523                    /home/lat-lon/.m2/repo/org/codehaus/plexus/plexus-utils/3.0.20/plexus-utils-3.0.20.jar
7f53680c6000-7f53680c7000 r--s 00008000 08:01 1968563                    /home/lat-lon/.m2/repo/org/apache/maven/plugins/maven-antrun-plugin/1.8/maven-antrun-plugin-1.8.jar
7f53680c7000-7f53680cb000 r--s 0003c000 08:01 2099957                    /home/lat-lon/.m2/repo/commons-lang/commons-lang/2.4/commons-lang-2.4.jar
7f53680cb000-7f53680cd000 r--s 00005000 08:01 2228979                    /home/lat-lon/.m2/repo/xpp3/xpp3_min/1.1.4c/xpp3_min-1.1.4c.jar
7f53680cd000-7f53680ce000 r--s 00001000 08:01 2230121                    /home/lat-lon/.m2/repo/xmlpull/xmlpull/1.1.3.1/xmlpull-1.1.3.1.jar
7f53680ce000-7f53680da000 r--s 0006a000 08:01 2229455                    /home/lat-lon/.m2/repo/com/thoughtworks/xstream/xstream/1.4.3/xstream-1.4.3.jar
7f53680da000-7f53680dd000 r--s 00023000 08:01 2230109                    /home/lat-lon/.m2/repo/jdom/jdom/1.0/jdom-1.0.jar
7f53680dd000-7f53680e2000 r--s 0003c000 08:01 2099504                    /home/lat-lon/.m2/repo/org/codehaus/plexus/plexus-utils/1.5.7/plexus-utils-1.5.7.jar
7f53680e2000-7f53680e4000 r--s 00002000 08:01 2099656                    /home/lat-lon/.m2/repo/org/codehaus/plexus/plexus-interactivity-api/1.0-alpha-4/plexus-interactivity-api-1.0-alpha-4.jar
7f53680e4000-7f53680e7000 r--s 0001b000 08:01 1967396                    /home/lat-lon/.m2/repo/junit/junit/3.8.1/junit-3.8.1.jar
7f53680e7000-7f53680ea000 r--s 0001f000 08:01 2229172                    /home/lat-lon/.m2/repo/jtidy/jtidy/4aug2000r7-dev/jtidy-4aug2000r7-dev.jar
7f53680ea000-7f53680ec000 r--s 0000b000 08:01 2097875                    /home/lat-lon/.m2/repo/org/apache/maven/plugin-tools/maven-plugin-tools-api/2.4.3/maven-plugin-tools-api-2.4.3.jar
7f53680ec000-7f53680ee000 r--s 0000b000 08:01 2099637                    /home/lat-lon/.m2/repo/org/codehaus/plexus/plexus-interpolation/1.11/plexus-interpolation-1.11.jar
7f53680ee000-7f53680f0000 r--s 00002000 08:01 1967777                    /home/lat-lon/.m2/repo/org/sonatype/plexus/plexus-cipher/1.4/plexus-cipher-1.4.jar
7f53680f0000-7f53680f1000 r--s 00006000 08:01 1967794                    /home/lat-lon/.m2/repo/org/sonatype/plexus/plexus-sec-dispatcher/1.3/plexus-sec-dispatcher-1.3.jar
7f53680f1000-7f53680f9000 r--s 00049000 08:01 2230105                    /home/lat-lon/.m2/repo/backport-util-concurrent/backport-util-concurrent/3.1/backport-util-concurrent-3.1.jar
7f53680f9000-7f53680fb000 r--s 00009000 08:01 2229009                    /home/lat-lon/.m2/repo/commons-cli/commons-cli/1.2/commons-cli-1.2.jar
7f53680fb000-7f53680fc000 r--s 00002000 08:01 2097472                    /home/lat-lon/.m2/repo/org/apache/maven/doxia/doxia-logging-api/1.1/doxia-logging-api-1.1.jar
7f53680fc000-7f53680fe000 r--s 00002000 08:01 2097538                    /home/lat-lon/.m2/repo/org/apache/maven/doxia/doxia-sink-api/1.1/doxia-sink-api-1.1.jar
7f53680fe000-7f53680ff000 r--s 00002000 08:01 2098066                    /home/lat-lon/.m2/repo/org/apache/maven/reporting/maven-reporting-api/2.2.1/maven-reporting-api-2.2.1.jar
7f53680ff000-7f53682ff000 rw-p 00000000 00:00 0 
7f53682ff000-7f5368310000 r-xp 00000000 08:01 4720234                    /opt/java/jdk1.8.0_221/jre/lib/amd64/libnio.so
7f5368310000-7f536850f000 ---p 00011000 08:01 4720234                    /opt/java/jdk1.8.0_221/jre/lib/amd64/libnio.so
7f536850f000-7f5368510000 r--p 00010000 08:01 4720234                    /opt/java/jdk1.8.0_221/jre/lib/amd64/libnio.so
7f5368510000-7f5368511000 rw-p 00011000 08:01 4720234                    /opt/java/jdk1.8.0_221/jre/lib/amd64/libnio.so
7f5368511000-7f5368527000 r-xp 00000000 08:01 4720173                    /opt/java/jdk1.8.0_221/jre/lib/amd64/libnet.so
7f5368527000-7f5368726000 ---p 00016000 08:01 4720173                    /opt/java/jdk1.8.0_221/jre/lib/amd64/libnet.so
7f5368726000-7f5368727000 r--p 00015000 08:01 4720173                    /opt/java/jdk1.8.0_221/jre/lib/amd64/libnet.so
7f5368727000-7f5368728000 rw-p 00016000 08:01 4720173                    /opt/java/jdk1.8.0_221/jre/lib/amd64/libnet.so
7f5368728000-7f5368928000 rw-p 00000000 00:00 0 
7f5368928000-7f5368b28000 rw-p 00000000 00:00 0 
7f5368b28000-7f5368d28000 rw-p 00000000 00:00 0 
7f5368d28000-7f5368d2a000 r-xp 00000000 08:01 3152794                    /lib/x86_64-linux-gnu/libutil-2.27.so
7f5368d2a000-7f5368f29000 ---p 00002000 08:01 3152794                    /lib/x86_64-linux-gnu/libutil-2.27.so
7f5368f29000-7f5368f2a000 r--p 00001000 08:01 3152794                    /lib/x86_64-linux-gnu/libutil-2.27.so
7f5368f2a000-7f5368f2b000 rw-p 00002000 08:01 3152794                    /lib/x86_64-linux-gnu/libutil-2.27.so
7f5368f2b000-7f5368f2d000 r--s 00003000 08:01 1968074                    /home/lat-lon/.m2/repo/org/slf4j/jcl-over-slf4j/1.5.6/jcl-over-slf4j-1.5.6.jar
7f5368f2d000-7f5368f2f000 r--s 00001000 08:01 1968079                    /home/lat-lon/.m2/repo/org/slf4j/slf4j-jdk14/1.5.6/slf4j-jdk14-1.5.6.jar
7f5368f2f000-7f5368f31000 r--s 0000f000 08:01 1968532                    /home/lat-lon/.m2/repo/org/apache/maven/plugins/maven-help-plugin/2.2/maven-help-plugin-2.2.jar
7f5368f31000-7f5368f36000 r--s 000a3000 08:01 4720131                    /opt/java/jdk1.8.0_221/jre/lib/jsse.jar
7f5368f36000-7f5368f38000 r--s 0000d000 08:01 10886597                   /usr/local/netbeans-8.2/java/maven-nblib/netbeans-eventspy.jar
7f5368f38000-7f5368f3a000 r--s 00000000 08:01 2365595                    /home/lat-lon/apache-maven-3.5.4/lib/plexus-component-annotations-1.7.1.jar
7f5368f3a000-7f5368f44000 r--s 00116000 08:01 4720117                    /opt/java/jdk1.8.0_221/jre/lib/ext/localedata.jar
7f5368f44000-7f5368f47000 r-xp 00000000 08:01 3280861                    /home/lat-lon/apache-maven-3.5.4/lib/jansi-native/linux64/libjansi.so
7f5368f47000-7f5369146000 ---p 00003000 08:01 3280861                    /home/lat-lon/apache-maven-3.5.4/lib/jansi-native/linux64/libjansi.so
7f5369146000-7f5369147000 rw-p 00002000 08:01 3280861                    /home/lat-lon/apache-maven-3.5.4/lib/jansi-native/linux64/libjansi.so
7f5369147000-7f536914a000 r--s 00026000 08:01 2365549                    /home/lat-lon/apache-maven-3.5.4/lib/maven-shared-utils-3.2.1.jar
7f536914a000-7f536914c000 r--s 0000c000 08:01 2365601                    /home/lat-lon/apache-maven-3.5.4/lib/wagon-provider-api-3.1.0.jar
7f536914c000-7f536914e000 r--s 00007000 08:01 2365598                    /home/lat-lon/apache-maven-3.5.4/lib/maven-resolver-spi-1.1.1.jar
7f536914e000-7f5369151000 r--s 00011000 08:01 2365566                    /home/lat-lon/apache-maven-3.5.4/lib/plexus-interpolation-1.24.jar
7f5369151000-7f5369153000 r--s 0000f000 08:01 2365597                    /home/lat-lon/apache-maven-3.5.4/lib/maven-resolver-provider-3.5.4.jar
7f5369153000-7f536915b000 r--s 0006e000 08:01 2365609                    /home/lat-lon/apache-maven-3.5.4/lib/commons-lang3-3.5.jar
7f536915b000-7f536915c000 r--s 00002000 08:01 2365602                    /home/lat-lon/apache-maven-3.5.4/lib/wagon-file-3.1.0.jar
7f536915c000-7f536915d000 r--s 00006000 08:01 2365586                    /home/lat-lon/apache-maven-3.5.4/lib/plexus-sec-dispatcher-1.4.jar
7f536915d000-7f536916a000 r--s 0008d000 08:01 2365537                    /home/lat-lon/apache-maven-3.5.4/lib/maven-core-3.5.4.jar
7f536916a000-7f536916c000 r--s 0000c000 08:01 2365611                    /home/lat-lon/apache-maven-3.5.4/lib/commons-cli-1.4.jar
7f536916c000-7f536916e000 r--s 0000c000 08:01 2365567                    /home/lat-lon/apache-maven-3.5.4/lib/maven-artifact-3.5.4.jar
7f536916e000-7f5369172000 r--s 00023000 08:01 2365578                    /home/lat-lon/apache-maven-3.5.4/lib/maven-resolver-util-1.1.1.jar
7f5369172000-7f5369176000 r--s 00020000 08:01 2365557                    /home/lat-lon/apache-maven-3.5.4/lib/maven-resolver-api-1.1.1.jar
7f5369176000-7f536917a000 r--s 0003c000 08:01 2365556                    /home/lat-lon/apache-maven-3.5.4/lib/plexus-utils-3.1.0.jar
7f536917a000-7f536917d000 r--s 00026000 08:01 2365596                    /home/lat-lon/apache-maven-3.5.4/lib/maven-model-3.5.4.jar
7f536917d000-7f536917f000 r--s 00009000 08:01 2365538                    /home/lat-lon/apache-maven-3.5.4/lib/maven-resolver-connector-basic-1.1.1.jar
7f536917f000-7f5369186000 r--s 00056000 08:01 2365569                    /home/lat-lon/apache-maven-3.5.4/lib/org.eclipse.sisu.inject-0.3.3.jar
7f5369186000-7f5369187000 r--s 00000000 08:01 2365547                    /home/lat-lon/apache-maven-3.5.4/lib/javax.inject-1.jar
7f5369187000-7f536918d000 r--s 00041000 08:01 2365570                    /home/lat-lon/apache-maven-3.5.4/lib/maven-compat-3.5.4.jar
7f536918d000-7f5369191000 r--s 00042000 08:01 2365603                    /home/lat-lon/apache-maven-3.5.4/lib/jansi-1.17.1.jar
7f5369191000-7f5369193000 r--s 00002000 08:01 2365544                    /home/lat-lon/apache-maven-3.5.4/lib/plexus-cipher-1.7.jar
7f5369193000-7f5369197000 r--s 0002f000 08:01 2365558                    /home/lat-lon/apache-maven-3.5.4/lib/commons-io-2.5.jar
7f5369197000-7f536919c000 r--s 00027000 08:01 2365548                    /home/lat-lon/apache-maven-3.5.4/lib/maven-model-builder-3.5.4.jar
7f536919c000-7f536919f000 r--s 00016000 08:01 2365576                    /home/lat-lon/apache-maven-3.5.4/lib/maven-embedder-3.5.4.jar
7f536919f000-7f53691ce000 r--s 00226000 08:01 2365588                    /home/lat-lon/apache-maven-3.5.4/lib/guava-20.0.jar
7f53691ce000-7f53691d2000 r--s 0002a000 08:01 2365599                    /home/lat-lon/apache-maven-3.5.4/lib/maven-resolver-impl-1.1.1.jar
7f53691d2000-7f53691ff000 r--s 001de000 08:01 2365550                    /home/lat-lon/apache-maven-3.5.4/lib/wagon-http-3.1.0-shaded.jar
7f53691ff000-7f5369200000 ---p 00000000 00:00 0 
7f5369200000-7f5369300000 rw-p 00000000 00:00 0 
7f5369300000-7f5369303000 ---p 00000000 00:00 0 
7f5369303000-7f5369401000 rw-p 00000000 00:00 0 
7f5369401000-7f5369402000 ---p 00000000 00:00 0 
7f5369402000-7f5369405000 ---p 00000000 00:00 0 
7f5369405000-7f5369502000 rw-p 00000000 00:00 0 
7f5369502000-7f5369503000 ---p 00000000 00:00 0 
7f5369503000-7f5369506000 ---p 00000000 00:00 0 
7f5369506000-7f5369603000 rw-p 00000000 00:00 0 
7f5369603000-7f5369604000 ---p 00000000 00:00 0 
7f5369604000-7f5369607000 ---p 00000000 00:00 0 
7f5369607000-7f5369704000 rw-p 00000000 00:00 0 
7f5369704000-7f5369707000 ---p 00000000 00:00 0 
7f5369707000-7f5369805000 rw-p 00000000 00:00 0 
7f5369805000-7f5369b3b000 r--p 00000000 08:01 10749184                   /usr/lib/locale/locale-archive
7f5369b3b000-7f5369b3e000 ---p 00000000 00:00 0 
7f5369b3e000-7f5369c3c000 rw-p 00000000 00:00 0 
7f5369c3c000-7f5369c3f000 ---p 00000000 00:00 0 
7f5369c3f000-7f5369d3d000 rw-p 00000000 00:00 0 
7f5369d3d000-7f5369d3e000 ---p 00000000 00:00 0 
7f5369d3e000-7f536adf2000 rw-p 00000000 00:00 0 
7f536adf2000-7f536afcc000 r--s 03d88000 08:01 4719922                    /opt/java/jdk1.8.0_221/jre/lib/rt.jar
7f536afcc000-7f5373d34000 rw-p 00000000 00:00 0 
7f5373d34000-7f5373d35000 ---p 00000000 00:00 0 
7f5373d35000-7f5373e35000 rw-p 00000000 00:00 0 
7f5373e35000-7f5373e36000 ---p 00000000 00:00 0 
7f5373e36000-7f5373fb2000 rw-p 00000000 00:00 0 
7f5373fb2000-7f537446d000 ---p 00000000 00:00 0 
7f537446d000-7f53744e9000 rw-p 00000000 00:00 0 
7f53744e9000-7f53749a3000 ---p 00000000 00:00 0 
7f53749a3000-7f5374aa0000 rw-p 00000000 00:00 0 
7f5374aa0000-7f5374c3f000 ---p 00000000 00:00 0 
7f5374c3f000-7f5374c94000 rw-p 00000000 00:00 0 
7f5374c94000-7f5375000000 ---p 00000000 00:00 0 
7f5375000000-7f5376500000 rwxp 00000000 00:00 0 
7f5376500000-7f5384000000 ---p 00000000 00:00 0 
7f5384000000-7f538583c000 rw-p 00000000 00:00 0 
7f538583c000-7f5388000000 ---p 00000000 00:00 0 
7f5388000000-7f5388002000 r--s 00000000 08:01 2365610                    /home/lat-lon/apache-maven-3.5.4/lib/aopalliance-1.0.jar
7f5388002000-7f5388008000 r--s 0002d000 08:01 2365577                    /home/lat-lon/apache-maven-3.5.4/lib/org.eclipse.sisu.plexus-0.3.3.jar
7f5388008000-7f5388058000 rw-p 00000000 00:00 0 
7f5388058000-7f5388059000 ---p 00000000 00:00 0 
7f5388059000-7f5388159000 rw-p 00000000 00:00 0 
7f5388159000-7f538815a000 ---p 00000000 00:00 0 
7f538815a000-7f538825a000 rw-p 00000000 00:00 0 
7f538825a000-7f5388275000 r-xp 00000000 08:01 4720196                    /opt/java/jdk1.8.0_221/jre/lib/amd64/libzip.so
7f5388275000-7f5388474000 ---p 0001b000 08:01 4720196                    /opt/java/jdk1.8.0_221/jre/lib/amd64/libzip.so
7f5388474000-7f5388475000 r--p 0001a000 08:01 4720196                    /opt/java/jdk1.8.0_221/jre/lib/amd64/libzip.so
7f5388475000-7f5388476000 rw-p 0001b000 08:01 4720196                    /opt/java/jdk1.8.0_221/jre/lib/amd64/libzip.so
7f5388476000-7f5388481000 r-xp 00000000 08:01 3152785                    /lib/x86_64-linux-gnu/libnss_files-2.27.so
7f5388481000-7f5388680000 ---p 0000b000 08:01 3152785                    /lib/x86_64-linux-gnu/libnss_files-2.27.so
7f5388680000-7f5388681000 r--p 0000a000 08:01 3152785                    /lib/x86_64-linux-gnu/libnss_files-2.27.so
7f5388681000-7f5388682000 rw-p 0000b000 08:01 3152785                    /lib/x86_64-linux-gnu/libnss_files-2.27.so
7f5388682000-7f5388688000 rw-p 00000000 00:00 0 
7f5388688000-7f538869f000 r-xp 00000000 08:01 3152782                    /lib/x86_64-linux-gnu/libnsl-2.27.so
7f538869f000-7f538889e000 ---p 00017000 08:01 3152782                    /lib/x86_64-linux-gnu/libnsl-2.27.so
7f538889e000-7f538889f000 r--p 00016000 08:01 3152782                    /lib/x86_64-linux-gnu/libnsl-2.27.so
7f538889f000-7f53888a0000 rw-p 00017000 08:01 3152782                    /lib/x86_64-linux-gnu/libnsl-2.27.so
7f53888a0000-7f53888a2000 rw-p 00000000 00:00 0 
7f53888a2000-7f53888ad000 r-xp 00000000 08:01 3152787                    /lib/x86_64-linux-gnu/libnss_nis-2.27.so
7f53888ad000-7f5388aac000 ---p 0000b000 08:01 3152787                    /lib/x86_64-linux-gnu/libnss_nis-2.27.so
7f5388aac000-7f5388aad000 r--p 0000a000 08:01 3152787                    /lib/x86_64-linux-gnu/libnss_nis-2.27.so
7f5388aad000-7f5388aae000 rw-p 0000b000 08:01 3152787                    /lib/x86_64-linux-gnu/libnss_nis-2.27.so
7f5388aae000-7f5388ab6000 r-xp 00000000 08:01 3152783                    /lib/x86_64-linux-gnu/libnss_compat-2.27.so
7f5388ab6000-7f5388cb6000 ---p 00008000 08:01 3152783                    /lib/x86_64-linux-gnu/libnss_compat-2.27.so
7f5388cb6000-7f5388cb7000 r--p 00008000 08:01 3152783                    /lib/x86_64-linux-gnu/libnss_compat-2.27.so
7f5388cb7000-7f5388cb8000 rw-p 00009000 08:01 3152783                    /lib/x86_64-linux-gnu/libnss_compat-2.27.so
7f5388cb8000-7f5388ce4000 r-xp 00000000 08:01 4720187                    /opt/java/jdk1.8.0_221/jre/lib/amd64/libjava.so
7f5388ce4000-7f5388ee4000 ---p 0002c000 08:01 4720187                    /opt/java/jdk1.8.0_221/jre/lib/amd64/libjava.so
7f5388ee4000-7f5388ee5000 r--p 0002c000 08:01 4720187                    /opt/java/jdk1.8.0_221/jre/lib/amd64/libjava.so
7f5388ee5000-7f5388ee7000 rw-p 0002d000 08:01 4720187                    /opt/java/jdk1.8.0_221/jre/lib/amd64/libjava.so
7f5388ee7000-7f5388ef4000 r-xp 00000000 08:01 4720178                    /opt/java/jdk1.8.0_221/jre/lib/amd64/libverify.so
7f5388ef4000-7f53890f3000 ---p 0000d000 08:01 4720178                    /opt/java/jdk1.8.0_221/jre/lib/amd64/libverify.so
7f53890f3000-7f53890f5000 r--p 0000c000 08:01 4720178                    /opt/java/jdk1.8.0_221/jre/lib/amd64/libverify.so
7f53890f5000-7f53890f6000 rw-p 0000e000 08:01 4720178                    /opt/java/jdk1.8.0_221/jre/lib/amd64/libverify.so
7f53890f6000-7f53890fd000 r-xp 00000000 08:01 3152792                    /lib/x86_64-linux-gnu/librt-2.27.so
7f53890fd000-7f53892fc000 ---p 00007000 08:01 3152792                    /lib/x86_64-linux-gnu/librt-2.27.so
7f53892fc000-7f53892fd000 r--p 00006000 08:01 3152792                    /lib/x86_64-linux-gnu/librt-2.27.so
7f53892fd000-7f53892fe000 rw-p 00007000 08:01 3152792                    /lib/x86_64-linux-gnu/librt-2.27.so
7f53892fe000-7f538949b000 r-xp 00000000 08:01 3152779                    /lib/x86_64-linux-gnu/libm-2.27.so
7f538949b000-7f538969a000 ---p 0019d000 08:01 3152779                    /lib/x86_64-linux-gnu/libm-2.27.so
7f538969a000-7f538969b000 r--p 0019c000 08:01 3152779                    /lib/x86_64-linux-gnu/libm-2.27.so
7f538969b000-7f538969c000 rw-p 0019d000 08:01 3152779                    /lib/x86_64-linux-gnu/libm-2.27.so
7f538969c000-7f538a384000 r-xp 00000000 08:01 4720194                    /opt/java/jdk1.8.0_221/jre/lib/amd64/server/libjvm.so
7f538a384000-7f538a583000 ---p 00ce8000 08:01 4720194                    /opt/java/jdk1.8.0_221/jre/lib/amd64/server/libjvm.so
7f538a583000-7f538a619000 r--p 00ce7000 08:01 4720194                    /opt/java/jdk1.8.0_221/jre/lib/amd64/server/libjvm.so
7f538a619000-7f538a64a000 rw-p 00d7d000 08:01 4720194                    /opt/java/jdk1.8.0_221/jre/lib/amd64/server/libjvm.so
7f538a64a000-7f538a685000 rw-p 00000000 00:00 0 
7f538a685000-7f538a86c000 r-xp 00000000 08:01 3152723                    /lib/x86_64-linux-gnu/libc-2.27.so
7f538a86c000-7f538aa6c000 ---p 001e7000 08:01 3152723                    /lib/x86_64-linux-gnu/libc-2.27.so
7f538aa6c000-7f538aa70000 r--p 001e7000 08:01 3152723                    /lib/x86_64-linux-gnu/libc-2.27.so
7f538aa70000-7f538aa72000 rw-p 001eb000 08:01 3152723                    /lib/x86_64-linux-gnu/libc-2.27.so
7f538aa72000-7f538aa76000 rw-p 00000000 00:00 0 
7f538aa76000-7f538aa79000 r-xp 00000000 08:01 3152778                    /lib/x86_64-linux-gnu/libdl-2.27.so
7f538aa79000-7f538ac78000 ---p 00003000 08:01 3152778                    /lib/x86_64-linux-gnu/libdl-2.27.so
7f538ac78000-7f538ac79000 r--p 00002000 08:01 3152778                    /lib/x86_64-linux-gnu/libdl-2.27.so
7f538ac79000-7f538ac7a000 rw-p 00003000 08:01 3152778                    /lib/x86_64-linux-gnu/libdl-2.27.so
7f538ac7a000-7f538ac91000 r-xp 00000000 08:01 4719173                    /opt/java/jdk1.8.0_221/lib/amd64/jli/libjli.so
7f538ac91000-7f538ae90000 ---p 00017000 08:01 4719173                    /opt/java/jdk1.8.0_221/lib/amd64/jli/libjli.so
7f538ae90000-7f538ae91000 r--p 00016000 08:01 4719173                    /opt/java/jdk1.8.0_221/lib/amd64/jli/libjli.so
7f538ae91000-7f538ae92000 rw-p 00017000 08:01 4719173                    /opt/java/jdk1.8.0_221/lib/amd64/jli/libjli.so
7f538ae92000-7f538aeac000 r-xp 00000000 08:01 3152790                    /lib/x86_64-linux-gnu/libpthread-2.27.so
7f538aeac000-7f538b0ab000 ---p 0001a000 08:01 3152790                    /lib/x86_64-linux-gnu/libpthread-2.27.so
7f538b0ab000-7f538b0ac000 r--p 00019000 08:01 3152790                    /lib/x86_64-linux-gnu/libpthread-2.27.so
7f538b0ac000-7f538b0ad000 rw-p 0001a000 08:01 3152790                    /lib/x86_64-linux-gnu/libpthread-2.27.so
7f538b0ad000-7f538b0b1000 rw-p 00000000 00:00 0 
7f538b0b1000-7f538b0d8000 r-xp 00000000 08:01 3146803                    /lib/x86_64-linux-gnu/ld-2.27.so
7f538b0d8000-7f538b0da000 r--s 0000a000 08:01 2365546                    /home/lat-lon/apache-maven-3.5.4/lib/maven-plugin-api-3.5.4.jar
7f538b0da000-7f538b0dd000 r--s 00008000 08:01 2365587                    /home/lat-lon/apache-maven-3.5.4/lib/cdi-api-1.0.jar
7f538b0dd000-7f538b0e8000 r--s 00075000 08:01 2365579                    /home/lat-lon/apache-maven-3.5.4/lib/guice-4.2.0-no_aop.jar
7f538b0e8000-7f538b1ba000 rw-p 00000000 00:00 0 
7f538b1ba000-7f538b1bb000 ---p 00000000 00:00 0 
7f538b1bb000-7f538b1be000 ---p 00000000 00:00 0 
7f538b1be000-7f538b2bd000 rw-p 00000000 00:00 0 
7f538b2bd000-7f538b2be000 r--s 00001000 08:01 2365568                    /home/lat-lon/apache-maven-3.5.4/lib/jsr250-api-1.0.jar
7f538b2be000-7f538b2bf000 r--s 00005000 08:01 2365613                    /home/lat-lon/apache-maven-3.5.4/lib/maven-slf4j-provider-3.5.4.jar
7f538b2bf000-7f538b2c1000 r--s 00009000 08:01 2365585                    /home/lat-lon/apache-maven-3.5.4/lib/maven-settings-builder-3.5.4.jar
7f538b2c1000-7f538b2c3000 r--s 00009000 08:01 2365600                    /home/lat-lon/apache-maven-3.5.4/lib/slf4j-api-1.7.25.jar
7f538b2c3000-7f538b2c5000 r--s 00006000 08:01 2365559                    /home/lat-lon/apache-maven-3.5.4/lib/maven-resolver-transport-wagon-1.1.1.jar
7f538b2c5000-7f538b2c6000 r--s 00006000 08:01 2365545                    /home/lat-lon/apache-maven-3.5.4/lib/maven-repository-metadata-3.5.4.jar
7f538b2c6000-7f538b2c8000 r--s 00003000 08:01 2365612                    /home/lat-lon/apache-maven-3.5.4/lib/jcl-over-slf4j-1.7.25.jar
7f538b2c8000-7f538b2c9000 r--s 00003000 08:01 2365536                    /home/lat-lon/apache-maven-3.5.4/lib/maven-builder-support-3.5.4.jar
7f538b2c9000-7f538b2ca000 r--s 0000a000 08:01 2365594                    /home/lat-lon/apache-maven-3.5.4/lib/maven-settings-3.5.4.jar
7f538b2ca000-7f538b2cc000 r--s 0000b000 08:01 3543206                    /home/lat-lon/apache-maven-3.5.4/boot/plexus-classworlds-2.5.2.jar
7f538b2cc000-7f538b2d4000 rw-s 00000000 08:01 9437427                    /tmp/hsperfdata_lat-lon/32541
7f538b2d4000-7f538b2d5000 rw-p 00000000 00:00 0 
7f538b2d5000-7f538b2d6000 ---p 00000000 00:00 0 
7f538b2d6000-7f538b2d8000 rw-p 00000000 00:00 0 
7f538b2d8000-7f538b2d9000 r--p 00027000 08:01 3146803                    /lib/x86_64-linux-gnu/ld-2.27.so
7f538b2d9000-7f538b2da000 rw-p 00028000 08:01 3146803                    /lib/x86_64-linux-gnu/ld-2.27.so
7f538b2da000-7f538b2db000 rw-p 00000000 00:00 0 
7ffc408cc000-7ffc408ed000 rw-p 00000000 00:00 0                          [stack]
7ffc409a1000-7ffc409a4000 r--p 00000000 00:00 0                          [vvar]
7ffc409a4000-7ffc409a6000 r-xp 00000000 00:00 0                          [vdso]
ffffffffff600000-ffffffffff601000 r-xp 00000000 00:00 0                  [vsyscall]

VM Arguments:
jvm_args: -Dclassworlds.conf=/home/lat-lon/apache-maven-3.5.4/bin/m2.conf -Dmaven.home=/home/lat-lon/apache-maven-3.5.4 -Dlibrary.jansi.path=/home/lat-lon/apache-maven-3.5.4/lib/jansi-native -Dmaven.multiModuleProjectDirectory=/mein_Z/wunda_live/client 
java_command: org.codehaus.plexus.classworlds.launcher.Launcher -Dworking.dir=${de.cismet.cids.navigator.workingDir.wunda} -Dexec.workingdir=${working.dir} -Dexec.classpathScope=runtime -Dexec.args=-Xdebug -Xrunjdwp:transport=dt_socket,server=y,address=18899,suspend=n -Duser.country=DE -Duser.language=de -Ddirectory.extension=WunDa.netbeans -Djdk.tls.client.protocols=TLSv1 -Xms256m -Xmx2g -classpath ${de.cismet.cids.classpath} Sirius.navigator.Navigator ${working.dir}/config/log4j.debug.properties ${working.dir}/config/navigator.cfg ${working.dir} ${working.dir}/plugins ${working.dir}/search ${working.dir}/profiles -Dexec.executable=/opt/java/jdk1.8.0_221/bin/java -Dmaven.ext.class.path=/usr/local/netbeans-8.2/java/maven-nblib/netbeans-eventspy.jar -Pnetbeans-fastbuild,cismet-dev-exec,wunda process-classes org.codehaus.mojo:exec-maven-plugin:exec
java_class_path (initial): /home/lat-lon/apache-maven-3.5.4/boot/plexus-classworlds-2.5.2.jar
Launcher Type: SUN_STANDARD

Environment Variables:
JAVA_HOME=/opt/java/jdk1.8.0_221
PATH=/sbin:/bin:/usr/bin:/usr/local/bin:/snap/bin
LD_LIBRARY_PATH=/opt/java/jdk1.8.0_221/jre/lib/amd64:/opt/java/jdk1.8.0_221/jre/lib/i386:
SHELL=/bin/bash
DISPLAY=:10.0

Signal Handlers:
SIGSEGV: [libjvm.so+0xad3d90], sa_mask[0]=11111111011111111101111111111110, sa_flags=SA_RESTART|SA_SIGINFO
SIGBUS: [libjvm.so+0xad3d90], sa_mask[0]=11111111011111111101111111111110, sa_flags=SA_RESTART|SA_SIGINFO
SIGFPE: [libjvm.so+0x90b8b0], sa_mask[0]=11111111011111111101111111111110, sa_flags=SA_RESTART|SA_SIGINFO
SIGPIPE: [libjvm.so+0x90b8b0], sa_mask[0]=11111111011111111101111111111110, sa_flags=SA_RESTART|SA_SIGINFO
SIGXFSZ: [libjvm.so+0x90b8b0], sa_mask[0]=11111111011111111101111111111110, sa_flags=SA_RESTART|SA_SIGINFO
SIGILL: [libjvm.so+0x90b8b0], sa_mask[0]=11111111011111111101111111111110, sa_flags=SA_RESTART|SA_SIGINFO
SIGUSR1: SIG_DFL, sa_mask[0]=00000000000000000000000000000000, sa_flags=none
SIGUSR2: [libjvm.so+0x90b780], sa_mask[0]=00100000000000000000000000000000, sa_flags=SA_RESTART|SA_SIGINFO
SIGHUP: [libjvm.so+0x90bda0], sa_mask[0]=11111111011111111101111111111110, sa_flags=SA_RESTART|SA_SIGINFO
SIGINT: SIG_IGN, sa_mask[0]=00000000000000000000000000000000, sa_flags=none
SIGTERM: [libjvm.so+0x90bda0], sa_mask[0]=11111111011111111101111111111110, sa_flags=SA_RESTART|SA_SIGINFO
SIGQUIT: [libjvm.so+0x90bda0], sa_mask[0]=11111111011111111101111111111110, sa_flags=SA_RESTART|SA_SIGINFO


---------------  S Y S T E M  ---------------

OS:DISTRIB_ID=LinuxMint
DISTRIB_RELEASE=19.2
DISTRIB_CODENAME=tina
DISTRIB_DESCRIPTION="Linux Mint 19.2 Tina"

uname:Linux 4.15.0-112-generic #113-Ubuntu SMP Thu Jul 9 23:41:39 UTC 2020 x86_64
libc:glibc 2.27 NPTL 2.27 
rlimit: STACK 8192k, CORE 0k, NPROC 63774, NOFILE 4096, AS infinity
load average:26,69 9,15 3,95

/proc/meminfo:
MemTotal:       16392436 kB
MemFree:         1286640 kB
MemAvailable:    1171692 kB
Buffers:            3732 kB
Cached:            79420 kB
SwapCached:           20 kB
Active:         13602240 kB
Inactive:        1236904 kB
Active(anon):   13595548 kB
Inactive(anon):  1199804 kB
Active(file):       6692 kB
Inactive(file):    37100 kB
Unevictable:         128 kB
Mlocked:             128 kB
SwapTotal:       2097148 kB
SwapFree:             40 kB
Dirty:              1460 kB
Writeback:            44 kB
AnonPages:      14756284 kB
Mapped:            29328 kB
Shmem:             39184 kB
Slab:             108320 kB
SReclaimable:      60528 kB
SUnreclaim:        47792 kB
KernelStack:       17152 kB
PageTables:        72772 kB
NFS_Unstable:          0 kB
Bounce:                0 kB
WritebackTmp:          0 kB
CommitLimit:    10293364 kB
Committed_AS:   23018148 kB
VmallocTotal:   34359738367 kB
VmallocUsed:           0 kB
VmallocChunk:          0 kB
HardwareCorrupted:     0 kB
AnonHugePages:         0 kB
ShmemHugePages:        0 kB
ShmemPmdMapped:        0 kB
CmaTotal:              0 kB
CmaFree:               0 kB
HugePages_Total:       0
HugePages_Free:        0
HugePages_Rsvd:        0
HugePages_Surp:        0
Hugepagesize:       2048 kB
DirectMap4k:      269840 kB
DirectMap2M:    16474112 kB

container (cgroup) information:
container_type: cgroupv1
cpu_cpuset_cpus: 0-3
cpu_memory_nodes: 0
active_processor_count: 4
cpu_quota: -1
cpu_period: 100000
cpu_shares: -1
memory_limit_in_bytes: -1
memory_and_swap_limit_in_bytes: -2
memory_soft_limit_in_bytes: -1
memory_usage_in_bytes: 15198224384
memory_max_usage_in_bytes: 0


CPU:total 4 (initial active 4) (4 cores per cpu, 1 threads per core) family 6 model 42 stepping 7, cmov, cx8, fxsr, mmx, sse, sse2, sse3, ssse3, sse4.1, sse4.2, popcnt, avx, aes, clmul, tsc, tscinvbit

/proc/cpuinfo:
processor	: 0
vendor_id	: GenuineIntel
cpu family	: 6
model		: 42
model name	: Intel(R) Core(TM) i5-2500 CPU @ 3.30GHz
stepping	: 7
microcode	: 0x2f
cpu MHz		: 3411.275
cache size	: 6144 KB
physical id	: 0
siblings	: 4
core id		: 0
cpu cores	: 4
apicid		: 0
initial apicid	: 0
fpu		: yes
fpu_exception	: yes
cpuid level	: 13
wp		: yes
flags		: fpu vme de pse tsc msr pae mce cx8 apic sep mtrr pge mca cmov pat pse36 clflush dts acpi mmx fxsr sse sse2 ss ht tm pbe syscall nx rdtscp lm constant_tsc arch_perfmon pebs bts rep_good nopl xtopology nonstop_tsc cpuid aperfmperf pni pclmulqdq dtes64 monitor ds_cpl vmx smx est tm2 ssse3 cx16 xtpr pdcm pcid sse4_1 sse4_2 x2apic popcnt tsc_deadline_timer aes xsave avx lahf_lm epb pti ssbd ibrs ibpb stibp tpr_shadow vnmi flexpriority ept vpid xsaveopt dtherm ida arat pln pts md_clear flush_l1d
bugs		: cpu_meltdown spectre_v1 spectre_v2 spec_store_bypass l1tf mds swapgs itlb_multihit
bogomips	: 6621.88
clflush size	: 64
cache_alignment	: 64
address sizes	: 36 bits physical, 48 bits virtual
power management:

processor	: 1
vendor_id	: GenuineIntel
cpu family	: 6
model		: 42
model name	: Intel(R) Core(TM) i5-2500 CPU @ 3.30GHz
stepping	: 7
microcode	: 0x2f
cpu MHz		: 3411.263
cache size	: 6144 KB
physical id	: 0
siblings	: 4
core id		: 1
cpu cores	: 4
apicid		: 2
initial apicid	: 2
fpu		: yes
fpu_exception	: yes
cpuid level	: 13
wp		: yes
flags		: fpu vme de pse tsc msr pae mce cx8 apic sep mtrr pge mca cmov pat pse36 clflush dts acpi mmx fxsr sse sse2 ss ht tm pbe syscall nx rdtscp lm constant_tsc arch_perfmon pebs bts rep_good nopl xtopology nonstop_tsc cpuid aperfmperf pni pclmulqdq dtes64 monitor ds_cpl vmx smx est tm2 ssse3 cx16 xtpr pdcm pcid sse4_1 sse4_2 x2apic popcnt tsc_deadline_timer aes xsave avx lahf_lm epb pti ssbd ibrs ibpb stibp tpr_shadow vnmi flexpriority ept vpid xsaveopt dtherm ida arat pln pts md_clear flush_l1d
bugs		: cpu_meltdown spectre_v1 spectre_v2 spec_store_bypass l1tf mds swapgs itlb_multihit
bogomips	: 6621.88
clflush size	: 64
cache_alignment	: 64
address sizes	: 36 bits physical, 48 bits virtual
power management:

processor	: 2
vendor_id	: GenuineIntel
cpu family	: 6
model		: 42
model name	: Intel(R) Core(TM) i5-2500 CPU @ 3.30GHz
stepping	: 7
microcode	: 0x2f
cpu MHz		: 3411.272
cache size	: 6144 KB
physical id	: 0
siblings	: 4
core id		: 2
cpu cores	: 4
apicid		: 4
initial apicid	: 4
fpu		: yes
fpu_exception	: yes
cpuid level	: 13
wp		: yes
flags		: fpu vme de pse tsc msr pae mce cx8 apic sep mtrr pge mca cmov pat pse36 clflush dts acpi mmx fxsr sse sse2 ss ht tm pbe syscall nx rdtscp lm constant_tsc arch_perfmon pebs bts rep_good nopl xtopology nonstop_tsc cpuid aperfmperf pni pclmulqdq dtes64 monitor ds_cpl vmx smx est tm2 ssse3 cx16 xtpr pdcm pcid sse4_1 sse4_2 x2apic popcnt tsc_deadline_timer aes xsave avx lahf_lm epb pti ssbd ibrs ibpb stibp tpr_shadow vnmi flexpriority ept vpid xsaveopt dtherm ida arat pln pts md_clear flush_l1d
bugs		: cpu_meltdown spectre_v1 spectre_v2 spec_store_bypass l1tf mds swapgs itlb_multihit
bogomips	: 6621.88
clflush size	: 64
cache_alignment	: 64
address sizes	: 36 bits physical, 48 bits virtual
power management:

processor	: 3
vendor_id	: GenuineIntel
cpu family	: 6
model		: 42
model name	: Intel(R) Core(TM) i5-2500 CPU @ 3.30GHz
stepping	: 7
microcode	: 0x2f
cpu MHz		: 3411.272
cache size	: 6144 KB
physical id	: 0
siblings	: 4
core id		: 3
cpu cores	: 4
apicid		: 6
initial apicid	: 6
fpu		: yes
fpu_exception	: yes
cpuid level	: 13
wp		: yes
flags		: fpu vme de pse tsc msr pae mce cx8 apic sep mtrr pge mca cmov pat pse36 clflush dts acpi mmx fxsr sse sse2 ss ht tm pbe syscall nx rdtscp lm constant_tsc arch_perfmon pebs bts rep_good nopl xtopology nonstop_tsc cpuid aperfmperf pni pclmulqdq dtes64 monitor ds_cpl vmx smx est tm2 ssse3 cx16 xtpr pdcm pcid sse4_1 sse4_2 x2apic popcnt tsc_deadline_timer aes xsave avx lahf_lm epb pti ssbd ibrs ibpb stibp tpr_shadow vnmi flexpriority ept vpid xsaveopt dtherm ida arat pln pts md_clear flush_l1d
bugs		: cpu_meltdown spectre_v1 spectre_v2 spec_store_bypass l1tf mds swapgs itlb_multihit
bogomips	: 6621.88
clflush size	: 64
cache_alignment	: 64
address sizes	: 36 bits physical, 48 bits virtual
power management:



Memory: 4k page, physical 16392436k(1281584k free), swap 2097148k(64k free)

vm_info: Java HotSpot(TM) 64-Bit Server VM (25.221-b11) for linux-amd64 JRE (1.8.0_221-b11), built on Jul  4 2019 04:27:00 by "java_re" with gcc 7.3.0

time: Fri Mar  5 12:38:35 2021
timezone: CET
elapsed time: 89 seconds (0d 0h 1m 29s)

