#
# A fatal error has been detected by the Java Runtime Environment:
#
#  EXCEPTION_ACCESS_VIOLATION (0xc0000005) at pc=0x000000006da7c821, pid=4380, tid=3192
#
# JRE version: 6.0_20-b02
# Java VM: Java HotSpot(TM) 64-Bit Server VM (16.3-b01 mixed mode windows-amd64 )
# Problematic frame:
# V  [jvm.dll+0x1ec821]
#
# If you would like to submit a bug report, please visit:
#   http://java.sun.com/webapps/bugreport/crash.jsp
#

---------------  T H R E A D  ---------------

Current thread (0x00000000004b1000):  GCTaskThread [stack: 0x000000004a770000,0x000000004a870000] [id=3192]

siginfo: ExceptionCode=0xc0000005, writing address 0x000000004a02f004

Registers:
EAX=0x0000000000499fd0, EBX=0x000000000f3e0848, ECX=0x0000000049fb5100, EDX=0x0000000000079f04
ESP=0x000000004a86fb10, EBP=0x000000000052fa10, ESI=0x00000000065f7de8, EDI=0x000000000f3e0838
EIP=0x000000006da7c821, EFLAGS=0x0000000000010202

Top of Stack: (sp=0x000000004a86fb10)
0x000000004a86fb10:   000000000f3e0850 000000006dc87524
0x000000004a86fb20:   000000000049a100 000000000f3e0850
0x000000004a86fb30:   000000000052fa10 0000000000000005
0x000000004a86fb40:   000000000052fa01 000000006dc88078
0x000000004a86fb50:   000000000f3e0820 000000000000000b
0x000000004a86fb60:   000000000052fa10 00000000392c0658
0x000000004a86fb70:   0000000045be9cd8 0000000000001000
0x000000004a86fb80:   000000000f3e0820 0000000000000400
0x000000004a86fb90:   0000000000000000 00000000004b1701
0x000000004a86fba0:   000000000000000c 0000000000000004
0x000000004a86fbb0:   000000000052f2f0 000000000052fa10
0x000000004a86fbc0:   0000000000000000 000000006dc898e2
0x000000004a86fbd0:   0000000044014bc2 0000000000000011
0x000000004a86fbe0:   00000000460a0501 000000000f3da758
0x000000004a86fbf0:   0000000000000001 000007fefd5e134c
0x000000004a86fc00:   000000000f3da758 000001cc00000185 

Instructions: (pc=0x000000006da7c821)
0x000000006da7c811:   43 00 48 8b d3 48 8b 88 90 00 00 00 48 c1 ea 09
0x000000006da7c821:   c6 04 0a 11 4c 89 03 eb 0b 48 8b d3 48 8b cd e8 


Stack: [0x000000004a770000,0x000000004a870000],  sp=0x000000004a86fb10,  free space=3fe0000000000000000k
Native frames: (J=compiled Java code, j=interpreted, Vv=VM code, C=native code)
V  [jvm.dll+0x1ec821]


---------------  P R O C E S S  ---------------

Java Threads: ( => current thread )
  0x000000004d914800 JavaThread "AWT-Windows" daemon [_thread_in_native, id=3600, stack(0x000000004f800000,0x000000004f900000)]
  0x000000004ca35800 JavaThread "Java2D Disposer" daemon [_thread_blocked, id=4572, stack(0x000000004f600000,0x000000004f700000)]
  0x000000004cb07000 JavaThread "pool-1-thread-5" [_thread_blocked, id=4708, stack(0x000000004e050000,0x000000004e150000)]
  0x000000004d4da000 JavaThread "pool-1-thread-4" [_thread_blocked, id=5028, stack(0x000000004df50000,0x000000004e050000)]
  0x000000004c6bd000 JavaThread "pool-1-thread-3" [_thread_blocked, id=4544, stack(0x000000004de50000,0x000000004df50000)]
  0x000000004c803800 JavaThread "pool-1-thread-2" [_thread_blocked, id=4480, stack(0x000000004dd50000,0x000000004de50000)]
  0x000000004ae96000 JavaThread "pool-1-thread-1" [_thread_blocked, id=1944, stack(0x000000004dc50000,0x000000004dd50000)]
  0x000000004ad9b000 JavaThread "Low Memory Detector" daemon [_thread_blocked, id=1132, stack(0x000000004be80000,0x000000004bf80000)]
  0x000000004ad94000 JavaThread "CompilerThread1" daemon [_thread_blocked, id=3248, stack(0x000000004bd80000,0x000000004be80000)]
  0x000000004ad8c800 JavaThread "CompilerThread0" daemon [_thread_blocked, id=2316, stack(0x000000004bc80000,0x000000004bd80000)]
  0x000000004ad8b800 JavaThread "Attach Listener" daemon [_thread_blocked, id=4732, stack(0x000000004bb80000,0x000000004bc80000)]
  0x000000004ad8a800 JavaThread "Signal Dispatcher" daemon [_thread_blocked, id=2388, stack(0x000000004ba80000,0x000000004bb80000)]
  0x000000004ad37800 JavaThread "Finalizer" daemon [_thread_blocked, id=4980, stack(0x000000004b980000,0x000000004ba80000)]
  0x000000004ad31800 JavaThread "Reference Handler" daemon [_thread_blocked, id=3232, stack(0x000000004b880000,0x000000004b980000)]
  0x00000000007ac000 JavaThread "main" [_thread_blocked, id=3068, stack(0x0000000002420000,0x0000000002520000)]

Other Threads:
  0x000000004ad2c000 VMThread [stack: 0x000000004b780000,0x000000004b880000] [id=588]
  0x000000004ad9d800 WatcherThread [stack: 0x000000004bf80000,0x000000004c080000] [id=4644]

=>0x00000000004b1000 (exited) GCTaskThread [stack: 0x000000004a770000,0x000000004a870000] [id=3192]

VM state:at safepoint (normal execution)

VM Mutex/Monitor currently owned by a thread:  ([mutex/lock_event])
[0x00000000007aa260] Threads_lock - owner thread: 0x000000004ad2c000
[0x00000000007aa760] Heap_lock - owner thread: 0x00000000007ac000

Heap
 PSYoungGen      total 274624K, used 271456K [0x0000000034de0000, 0x0000000047260000, 0x0000000049fe0000)
  eden space 255680K, 100% used [0x0000000034de0000,0x0000000044790000,0x0000000044790000)
  from space 18944K, 83% used [0x0000000045c00000,0x0000000046b68000,0x0000000046e80000)
  to   space 20928K, 99% used [0x0000000044790000,0x0000000045bf9cd8,0x0000000045c00000)
 PSOldGen        total 98624K, used 98386K [0x000000000a9e0000, 0x0000000010a30000, 0x0000000034de0000)
  object space 98624K, 99% used [0x000000000a9e0000,0x00000000109f4980,0x0000000010a30000)
 PSPermGen       total 21248K, used 19525K [0x00000000055e0000, 0x0000000006aa0000, 0x000000000a9e0000)
  object space 21248K, 91% used [0x00000000055e0000,0x00000000068f1788,0x0000000006aa0000)

Dynamic libraries:
0x0000000000400000 - 0x000000000042e000 	C:\Program Files\Java\jdk1.6.0_20\bin\java.exe
0x0000000077340000 - 0x00000000774eb000 	C:\Windows\SYSTEM32\ntdll.dll
0x0000000077120000 - 0x000000007723f000 	C:\Windows\system32\kernel32.dll
0x000007fefd5e0000 - 0x000007fefd64b000 	C:\Windows\system32\KERNELBASE.dll
0x000007fefd910000 - 0x000007fefd9eb000 	C:\Windows\system32\ADVAPI32.dll
0x000007feff430000 - 0x000007feff4cf000 	C:\Windows\system32\msvcrt.dll
0x000007fefdd30000 - 0x000007fefdd4f000 	C:\Windows\SYSTEM32\sechost.dll
0x000007fefdf70000 - 0x000007fefe09e000 	C:\Windows\system32\RPCRT4.dll
0x000007fefd170000 - 0x000007fefd1c7000 	C:\Windows\system32\apphelp.dll
0x000007fef1580000 - 0x000007fef15d1000 	C:\Windows\AppPatch\AppPatch64\AcGenral.DLL
0x000007fefd140000 - 0x000007fefd165000 	C:\Windows\system32\SspiCli.dll
0x000007fefd810000 - 0x000007fefd881000 	C:\Windows\system32\SHLWAPI.dll
0x000007feff1d0000 - 0x000007feff237000 	C:\Windows\system32\GDI32.dll
0x0000000077240000 - 0x000000007733a000 	C:\Windows\system32\USER32.dll
0x000007fefdd50000 - 0x000007fefdd5e000 	C:\Windows\system32\LPK.dll
0x000007fefd670000 - 0x000007fefd73a000 	C:\Windows\system32\USP10.dll
0x000007fefdd60000 - 0x000007fefdf62000 	C:\Windows\system32\ole32.dll
0x000007fefe3a0000 - 0x000007feff126000 	C:\Windows\system32\SHELL32.dll
0x0000000074b00000 - 0x0000000074b03000 	C:\Windows\system32\sfc.dll
0x000007fef9d30000 - 0x000007fef9d40000 	C:\Windows\system32\sfc_os.DLL
0x000007fefc5f0000 - 0x000007fefc60e000 	C:\Windows\system32\USERENV.dll
0x000007fefd2a0000 - 0x000007fefd2af000 	C:\Windows\system32\profapi.dll
0x000007fefaaf0000 - 0x000007fefab08000 	C:\Windows\system32\dwmapi.dll
0x000007fef9d80000 - 0x000007fef9d98000 	C:\Windows\system32\MPR.dll
0x000007fefd9f0000 - 0x000007fefda1e000 	C:\Windows\system32\IMM32.DLL
0x000007feff320000 - 0x000007feff429000 	C:\Windows\system32\MSCTF.dll
0x000000006d890000 - 0x000000006df35000 	C:\Program Files\Java\jdk1.6.0_20\jre\bin\server\jvm.dll
0x000007fefab50000 - 0x000007fefab8b000 	C:\Windows\system32\WINMM.dll
0x000000006d800000 - 0x000000006d80e000 	C:\Program Files\Java\jdk1.6.0_20\jre\bin\verify.dll
0x000000006d450000 - 0x000000006d477000 	C:\Program Files\Java\jdk1.6.0_20\jre\bin\java.dll
0x000000006d3b0000 - 0x000000006d3ba000 	C:\Program Files\Java\jdk1.6.0_20\jre\bin\hpi.dll
0x0000000077510000 - 0x0000000077517000 	C:\Windows\system32\PSAPI.DLL
0x000000006d850000 - 0x000000006d862000 	C:\Program Files\Java\jdk1.6.0_20\jre\bin\zip.dll
0x000000006d0a0000 - 0x000000006d263000 	C:\Program Files\Java\jdk1.6.0_20\jre\bin\awt.dll
0x000007fef8dd0000 - 0x000007fef8e40000 	C:\Windows\system32\WINSPOOL.DRV
0x000007fefb960000 - 0x000007fefbb54000 	C:\Windows\WinSxS\amd64_microsoft.windows.common-controls_6595b64144ccf1df_6.0.7600.16661_none_fa62ad231704eab7\COMCTL32.dll
0x000007fefaf50000 - 0x000007fefafa6000 	C:\Windows\system32\uxtheme.dll
0x000007fefd1d0000 - 0x000007fefd1df000 	C:\Windows\system32\CRYPTBASE.dll
0x000000006d6a0000 - 0x000000006d6b7000 	C:\Program Files\Java\jdk1.6.0_20\jre\bin\net.dll
0x000007fefd740000 - 0x000007fefd78d000 	C:\Windows\system32\WS2_32.dll
0x000007fefd790000 - 0x000007fefd798000 	C:\Windows\system32\NSI.dll
0x000007fefcb10000 - 0x000007fefcb64000 	C:\Windows\system32\mswsock.dll
0x000007fefcb00000 - 0x000007fefcb07000 	C:\Windows\System32\wship6.dll
0x000000006d6c0000 - 0x000000006d6cb000 	C:\Program Files\Java\jdk1.6.0_20\jre\bin\nio.dll

VM Arguments:
jvm_args: -Dclassworlds.conf=C:\Program Files\apache-maven-2.2.1\bin\..\bin\m2.conf -Dmaven.home=C:\Program Files\apache-maven-2.2.1\bin\.. 
java_command: org.codehaus.classworlds.Launcher -Dnetbeans.execution=true clean install
Launcher Type: SUN_STANDARD

Environment Variables:
JAVA_HOME=C:\Program Files\Java\jdk1.6.0_20
PATH=C:\Program Files\Java\jdk1.6.0_22\bin;C:\Program Files (x86)\CollabNet\Subversion Client;C:\Windows\system32;C:\Windows;C:\Windows\System32\Wbem;C:\Windows\System32\WindowsPowerShell\v1.0\;C:\Program Files (x86)\Common Files\Roxio Shared\DLLShared\;C:\Program Files (x86)\Common Files\Roxio Shared\10.0\DLLShared\;C:\Program Files\TortoiseSVN\bin
USERNAME=stefan
OS=Windows_NT
PROCESSOR_IDENTIFIER=Intel64 Family 6 Model 30 Stepping 5, GenuineIntel



---------------  S Y S T E M  ---------------

OS: Windows 7 Build 7600 

CPU:total 8 (8 cores per cpu, 2 threads per core) family 6 model 30 stepping 5, cmov, cx8, fxsr, mmx, sse, sse2, sse3, ssse3, sse4.1, sse4.2, popcnt, ht

Memory: 4k page, physical 4152436k(991476k free), swap 8302972k(3707476k free)

vm_info: Java HotSpot(TM) 64-Bit Server VM (16.3-b01) for windows-amd64 JRE (1.6.0_20-b02), built on Apr 12 2010 13:44:19 by "java_re" with MS VC++ 8.0 (VS2005)

time: Wed Jan 26 17:51:53 2011
elapsed time: 12 seconds

